Log file open, 11/16/19 19:50:10
LogWindows: Failed to load 'aqProf.dll' (GetLastError=126)
LogWindows: File 'aqProf.dll' does not exist
LogWindows: Failed to load 'VtuneApi.dll' (GetLastError=126)
LogWindows: File 'VtuneApi.dll' does not exist
LogWindows: Failed to load 'VtuneApi32e.dll' (GetLastError=126)
LogWindows: File 'VtuneApi32e.dll' does not exist
LogConsoleResponse: Display: Failed to find resolution value strings in scalability ini. Falling back to default.
LogInit: Display: Running engine for game: SpaceCErin
LogPlatformFile: Not using cached read wrapper
LogTaskGraph: Started task graph with 5 named threads and 11 total threads with 3 sets of task threads.
LogStats: Stats thread started at 0.104040
LogD3D11RHI: Loaded GFSDK_Aftermath_Lib.x64.dll
LogICUInternationalization: ICU TimeZone Detection - Raw Offset: -6:00, Platform Override: ''
LogPluginManager: Mounting plugin Paper2D
LogPluginManager: Mounting plugin AISupport
LogPluginManager: Mounting plugin LightPropagationVolume
LogPluginManager: Mounting plugin ActorLayerUtilities
LogPluginManager: Mounting plugin AnimationSharing
LogPluginManager: Mounting plugin CLionSourceCodeAccess
LogPluginManager: Mounting plugin CodeLiteSourceCodeAccess
LogPluginManager: Mounting plugin GitSourceControl
LogPluginManager: Mounting plugin KDevelopSourceCodeAccess
LogPluginManager: Mounting plugin NullSourceCodeAccess
LogPluginManager: Mounting plugin PerforceSourceControl
LogPluginManager: Mounting plugin SubversionSourceControl
LogPluginManager: Mounting plugin UObjectPlugin
LogPluginManager: Mounting plugin VisualStudioCodeSourceCodeAccess
LogPluginManager: Mounting plugin VisualStudioSourceCodeAccess
LogPluginManager: Mounting plugin XCodeSourceCodeAccess
LogPluginManager: Mounting plugin AssetManagerEditor
LogPluginManager: Mounting plugin CryptoKeys
LogPluginManager: Mounting plugin CurveEditorTools
LogPluginManager: Mounting plugin DataValidation
LogPluginManager: Mounting plugin EditorScriptingUtilities
LogPluginManager: Mounting plugin FacialAnimation
LogPluginManager: Mounting plugin GameplayTagsEditor
LogPluginManager: Mounting plugin GLTFImporter
LogPluginManager: Mounting plugin MacGraphicsSwitching
LogPluginManager: Mounting plugin MaterialAnalyzer
LogPluginManager: Mounting plugin MeshEditor
LogPluginManager: Mounting plugin MobileLauncherProfileWizard
LogPluginManager: Mounting plugin PluginBrowser
LogPluginManager: Mounting plugin SpeedTreeImporter
LogPluginManager: Mounting plugin DatasmithContent
LogPluginManager: Mounting plugin VariantManagerContent
LogPluginManager: Mounting plugin AlembicImporter
LogPluginManager: Mounting plugin AutomationUtils
LogPluginManager: Mounting plugin BackChannel
LogPluginManager: Mounting plugin BlastPlugin
LogPluginManager: Mounting plugin ChaosSolverPlugin
LogPluginManager: Mounting plugin CharacterAI
LogPluginManager: Mounting plugin DataPrepEditor
LogPluginManager: Mounting plugin GeometryCache
LogPluginManager: Mounting plugin GeometryCollectionPlugin
LogPluginManager: Mounting plugin HTML5Networking
LogPluginManager: Mounting plugin PlatformCrypto
LogPluginManager: Mounting plugin ProxyLODPlugin
LogPluginManager: Mounting plugin SkeletalReduction
LogPluginManager: Mounting plugin MagicLeap
LogPluginManager: Mounting plugin MagicLeapMedia
LogPluginManager: Mounting plugin AndroidMedia
LogPluginManager: Mounting plugin AvfMedia
LogPluginManager: Mounting plugin ImgMedia
LogPluginManager: Mounting plugin MediaCompositing
LogPluginManager: Mounting plugin MediaPlayerEditor
LogPluginManager: Mounting plugin WebMMedia
LogPluginManager: Mounting plugin WmfMedia
LogPluginManager: Mounting plugin TcpMessaging
LogPluginManager: Mounting plugin UdpMessaging
LogPluginManager: Mounting plugin ActorSequence
LogPluginManager: Mounting plugin LevelSequenceEditor
LogPluginManager: Mounting plugin MatineeToLevelSequence
LogPluginManager: Mounting plugin NetcodeUnitTest
LogPluginManager: Mounting plugin NUTUnrealEngine4
LogPluginManager: Mounting plugin OnlineSubsystemGooglePlay
LogPluginManager: Mounting plugin OnlineSubsystemIOS
LogPluginManager: Mounting plugin OnlineSubsystem
LogPluginManager: Mounting plugin OnlineSubsystemNull
LogPluginManager: Mounting plugin OnlineSubsystemUtils
LogPluginManager: Mounting plugin LauncherChunkInstaller
LogPluginManager: Mounting plugin AndroidDeviceProfileSelector
LogPluginManager: Mounting plugin AndroidMoviePlayer
LogPluginManager: Mounting plugin AndroidPermission
LogPluginManager: Mounting plugin AppleImageUtils
LogPluginManager: Mounting plugin AppleMoviePlayer
LogPluginManager: Mounting plugin ArchVisCharacter
LogPluginManager: Mounting plugin AudioCapture
LogPluginManager: Mounting plugin CableComponent
LogPluginManager: Mounting plugin CustomMeshComponent
LogPluginManager: Mounting plugin EditableMesh
LogPluginManager: Mounting plugin ExampleDeviceProfileSelector
LogPluginManager: Mounting plugin GoogleCloudMessaging
LogPluginManager: Mounting plugin IOSDeviceProfileSelector
LogPluginManager: Mounting plugin LinuxDeviceProfileSelector
LogPluginManager: Mounting plugin LocationServicesBPLibrary
LogPluginManager: Mounting plugin MobilePatchingUtils
LogPluginManager: Mounting plugin OculusVR
LogPluginManager: Mounting plugin PhysXVehicles
LogPluginManager: Mounting plugin ProceduralMeshComponent
LogPluginManager: Mounting plugin RuntimePhysXCooking
LogPluginManager: Mounting plugin SignificanceManager
LogPluginManager: Mounting plugin SteamVR
LogPluginManager: Mounting plugin WebMMoviePlayer
LogPluginManager: Mounting plugin WindowsMoviePlayer
LogPluginManager: Mounting plugin ScreenshotTools
LogPluginManager: Mounting plugin DatasmithC4DImporter
LogPluginManager: Mounting plugin DatasmithCADImporter
LogPluginManager: Mounting plugin DatasmithFBXImporter
LogPluginManager: Mounting plugin DatasmithGLTFImporter
LogPluginManager: Mounting plugin DatasmithIFCImporter
LogPluginManager: Mounting plugin DatasmithImporter
LogPluginManager: Mounting plugin MDLImporter
LogPluginManager: Mounting plugin StaticMeshEditorExtension
LogPluginManager: Mounting plugin VariantManager
LogInit: Using libcurl 7.55.1-DEV
LogInit:  - built for x86_64-pc-win32
LogInit:  - supports SSL with OpenSSL/1.1.1
LogInit:  - supports HTTP deflate (compression) using libz 1.2.8
LogInit:  - other features:
LogInit:      CURL_VERSION_SSL
LogInit:      CURL_VERSION_LIBZ
LogInit:      CURL_VERSION_IPV6
LogInit:      CURL_VERSION_ASYNCHDNS
LogInit:      CURL_VERSION_LARGEFILE
LogInit:      CURL_VERSION_IDN
LogInit:  CurlRequestOptions (configurable via config and command line):
LogInit:  - bVerifyPeer = true  - Libcurl will verify peer certificate
LogInit:  - bUseHttpProxy = false  - Libcurl will NOT use HTTP proxy
LogInit:  - bDontReuseConnections = false  - Libcurl will reuse connections
LogInit:  - MaxHostConnections = 16  - Libcurl will limit the number of connections to a host
LogInit:  - LocalHostAddr = Default
LogInit:  - BufferSize = 65536
LogOnline: OSS: Creating online subsystem instance for: NULL
LogInit: WinSock: version 1.1 (2.2), MaxSocks=32767, MaxUdp=65467
LogInit: Build: ++UE4+Release-4.23-CL-9631420
LogInit: Engine Version: 4.23.1-9631420+++UE4+Release-4.23
LogInit: Compatible Engine Version: 4.23.0-8386587+++UE4+Release-4.23
LogInit: Net CL: 8386587
LogInit: OS: Windows 10 (Release 1903) (), CPU: Intel(R) Core(TM) i7-6650U CPU @ 2.20GHz, GPU: Intel(R) Iris(R) Graphics 540
LogInit: Compiled (64-bit): Oct 18 2019 02:07:44
LogInit: Compiled with Visual C++: 19.16.27030.01
LogInit: Build Configuration: Development
LogInit: Branch Name: ++UE4+Release-4.23
LogInit: Command Line:  -EpicPortal -epicusername="Erin Cana" -epicuserid=137fe59793114a33b7e6517a762007fe -epiclocale=en-US
LogInit: Base Directory: C:/Program Files/Epic Games/UE_4.23/Engine/Binaries/Win64/
LogInit: Installed Engine Build: 1
LogDevObjectVersion: Number of dev versions registered: 23
LogDevObjectVersion:   Dev-Blueprints (B0D832E4-1F89-4F0D-ACCF-7EB736FD4AA2): 10
LogDevObjectVersion:   Dev-Build (E1C64328-A22C-4D53-A36C-8E866417BD8C): 0
LogDevObjectVersion:   Dev-Core (375EC13C-06E4-48FB-B500-84F0262A717E): 3
LogDevObjectVersion:   Dev-Editor (E4B068ED-F494-42E9-A231-DA0B2E46BB41): 34
LogDevObjectVersion:   Dev-Framework (CFFC743F-43B0-4480-9391-14DF171D2073): 35
LogDevObjectVersion:   Dev-Mobile (B02B49B5-BB20-44E9-A304-32B752E40360): 2
LogDevObjectVersion:   Dev-Networking (A4E4105C-59A1-49B5-A7C5-40C4547EDFEE): 0
LogDevObjectVersion:   Dev-Online (39C831C9-5AE6-47DC-9A44-9C173E1C8E7C): 0
LogDevObjectVersion:   Dev-Physics (78F01B33-EBEA-4F98-B9B4-84EACCB95AA2): 0
LogDevObjectVersion:   Dev-Platform (6631380F-2D4D-43E0-8009-CF276956A95A): 0
LogDevObjectVersion:   Dev-Rendering (12F88B9F-8875-4AFC-A67C-D90C383ABD29): 31
LogDevObjectVersion:   Dev-Sequencer (7B5AE74C-D270-4C10-A958-57980B212A5A): 11
LogDevObjectVersion:   Dev-VR (D7296918-1DD6-4BDD-9DE2-64A83CC13884): 2
LogDevObjectVersion:   Dev-LoadTimes (C2A15278-BFE7-4AFE-6C17-90FF531DF755): 1
LogDevObjectVersion:   Private-Geometry (6EACA3D4-40EC-4CC1-B786-8BED09428FC5): 3
LogDevObjectVersion:   Dev-AnimPhys (29E575DD-E0A3-4627-9D10-D276232CDCEA): 17
LogDevObjectVersion:   Dev-Anim (AF43A65D-7FD3-4947-9873-3E8ED9C1BB05): 2
LogDevObjectVersion:   Dev-ReflectionCapture (6B266CEC-1EC7-4B8F-A30B-E4D90942FC07): 1
LogDevObjectVersion:   Dev-Automation (0DF73D61-A23F-47EA-B727-89E90C41499A): 1
LogDevObjectVersion:   FortniteMain (601D1886-AC64-4F84-AA16-D3DE0DEAC7D6): 27
LogDevObjectVersion:   Dev-Enterprise (9DFFBCD6-494F-0158-E221-12823C92A888): 6
LogDevObjectVersion:   Dev-Niagara (F2AED0AC-9AFE-416F-8664-AA7FFA26D6FC): 1
LogDevObjectVersion:   Dev-Destruction (174F1F0B-B4C6-45A5-B13F-2EE8D0FB917D): 9
LogInit: Presizing for max 16777216 objects, including 0 objects not considered by GC, pre-allocating 0 bytes for permanent pool.
LogInit: Object subsystem initialized
LogConfig: Setting CVar [[con.DebugEarlyDefault:1]]
LogConfig: Setting CVar [[r.setres:1280x720]]
[2019.11.17-01.50.10:861][  0]LogConfig: Setting CVar [[r.VSync:0]]
[2019.11.17-01.50.10:861][  0]LogConfig: Setting CVar [[r.RHICmdBypass:0]]
[2019.11.17-01.50.10:861][  0]LogConfig: Applying CVar settings from Section [/Script/Engine.RendererSettings] File [C:/Users/SRFCPRO-EGWC/Documents/GitHub/multiuser/Erins Project/SpaceCErin/Saved/Config/Windows/Engine.ini]
[2019.11.17-01.50.10:861][  0]LogConfig: Setting CVar [[r.GPUCrashDebugging:0]]
[2019.11.17-01.50.10:861][  0]LogConfig: Applying CVar settings from Section [/Script/Engine.RendererOverrideSettings] File [C:/Users/SRFCPRO-EGWC/Documents/GitHub/multiuser/Erins Project/SpaceCErin/Saved/Config/Windows/Engine.ini]
[2019.11.17-01.50.10:861][  0]LogConfig: Applying CVar settings from Section [/Script/Engine.StreamingSettings] File [C:/Users/SRFCPRO-EGWC/Documents/GitHub/multiuser/Erins Project/SpaceCErin/Saved/Config/Windows/Engine.ini]
[2019.11.17-01.50.10:861][  0]LogConfig: Setting CVar [[s.MinBulkDataSizeForAsyncLoading:131072]]
[2019.11.17-01.50.10:861][  0]LogConfig: Setting CVar [[s.AsyncLoadingThreadEnabled:0]]
[2019.11.17-01.50.10:861][  0]LogConfig: Setting CVar [[s.EventDrivenLoaderEnabled:1]]
[2019.11.17-01.50.10:861][  0]LogConfig: Setting CVar [[s.WarnIfTimeLimitExceeded:0]]
[2019.11.17-01.50.10:861][  0]LogConfig: Setting CVar [[s.TimeLimitExceededMultiplier:1.5]]
[2019.11.17-01.50.10:861][  0]LogConfig: Setting CVar [[s.TimeLimitExceededMinTime:0.005]]
[2019.11.17-01.50.10:861][  0]LogConfig: Setting CVar [[s.UseBackgroundLevelStreaming:1]]
[2019.11.17-01.50.10:861][  0]LogConfig: Setting CVar [[s.PriorityAsyncLoadingExtraTime:15.0]]
[2019.11.17-01.50.10:861][  0]LogConfig: Setting CVar [[s.LevelStreamingActorsUpdateTimeLimit:5.0]]
[2019.11.17-01.50.10:861][  0]LogConfig: Setting CVar [[s.PriorityLevelStreamingActorsUpdateExtraTime:5.0]]
[2019.11.17-01.50.10:861][  0]LogConfig: Setting CVar [[s.LevelStreamingComponentsRegistrationGranularity:10]]
[2019.11.17-01.50.10:861][  0]LogConfig: Setting CVar [[s.UnregisterComponentsTimeLimit:1.0]]
[2019.11.17-01.50.10:861][  0]LogConfig: Setting CVar [[s.LevelStreamingComponentsUnregistrationGranularity:5]]
[2019.11.17-01.50.10:861][  0]LogConfig: Applying CVar settings from Section [/Script/Engine.GarbageCollectionSettings] File [C:/Users/SRFCPRO-EGWC/Documents/GitHub/multiuser/Erins Project/SpaceCErin/Saved/Config/Windows/Engine.ini]
[2019.11.17-01.50.10:861][  0]LogConfig: Setting CVar [[gc.MaxObjectsNotConsideredByGC:1]]
[2019.11.17-01.50.10:861][  0]LogConfig: Setting CVar [[gc.SizeOfPermanentObjectPool:0]]
[2019.11.17-01.50.10:861][  0]LogConfig: Setting CVar [[gc.FlushStreamingOnGC:0]]
[2019.11.17-01.50.10:861][  0]LogConfig: Setting CVar [[gc.NumRetriesBeforeForcingGC:10]]
[2019.11.17-01.50.10:861][  0]LogConfig: Setting CVar [[gc.AllowParallelGC:1]]
[2019.11.17-01.50.10:861][  0]LogConfig: Setting CVar [[gc.TimeBetweenPurgingPendingKillObjects:61.1]]
[2019.11.17-01.50.10:861][  0]LogConfig: Setting CVar [[gc.MaxObjectsInEditor:16777216]]
[2019.11.17-01.50.10:861][  0]LogConfig: Setting CVar [[gc.IncrementalBeginDestroyEnabled:1]]
[2019.11.17-01.50.10:861][  0]LogConfig: Setting CVar [[gc.CreateGCClusters:1]]
[2019.11.17-01.50.10:861][  0]LogConfig: Setting CVar [[gc.MinGCClusterSize:5]]
[2019.11.17-01.50.10:861][  0]LogConfig: Setting CVar [[gc.ActorClusteringEnabled:0]]
[2019.11.17-01.50.10:861][  0]LogConfig: Setting CVar [[gc.BlueprintClusteringEnabled:0]]
[2019.11.17-01.50.10:861][  0]LogConfig: Setting CVar [[gc.UseDisregardForGCOnDedicatedServers:0]]
[2019.11.17-01.50.10:862][  0]LogConfig: Applying CVar settings from Section [/Script/Engine.NetworkSettings] File [C:/Users/SRFCPRO-EGWC/Documents/GitHub/multiuser/Erins Project/SpaceCErin/Saved/Config/Windows/Engine.ini]
[2019.11.17-01.50.10:862][  0]LogConfig: Applying CVar settings from Section [/Script/UnrealEd.CookerSettings] File [C:/Users/SRFCPRO-EGWC/Documents/GitHub/multiuser/Erins Project/SpaceCErin/Saved/Config/Windows/Engine.ini]
[2019.11.17-01.50.10:864][  0]LogConfig: Applying CVar settings from Section [ViewDistanceQuality@3] File [C:/Users/SRFCPRO-EGWC/Documents/GitHub/multiuser/Erins Project/SpaceCErin/Saved/Config/Windows/Scalability.ini]
[2019.11.17-01.50.10:864][  0]LogConfig: Setting CVar [[r.SkeletalMeshLODBias:0]]
[2019.11.17-01.50.10:864][  0]LogConfig: Setting CVar [[r.ViewDistanceScale:1.0]]
[2019.11.17-01.50.10:864][  0]LogConfig: Applying CVar settings from Section [AntiAliasingQuality@3] File [C:/Users/SRFCPRO-EGWC/Documents/GitHub/multiuser/Erins Project/SpaceCErin/Saved/Config/Windows/Scalability.ini]
[2019.11.17-01.50.10:864][  0]LogConfig: Setting CVar [[r.PostProcessAAQuality:4]]
[2019.11.17-01.50.10:864][  0]LogConfig: Applying CVar settings from Section [ShadowQuality@3] File [C:/Users/SRFCPRO-EGWC/Documents/GitHub/multiuser/Erins Project/SpaceCErin/Saved/Config/Windows/Scalability.ini]
[2019.11.17-01.50.10:864][  0]LogConfig: Setting CVar [[r.LightFunctionQuality:1]]
[2019.11.17-01.50.10:864][  0]LogConfig: Setting CVar [[r.ShadowQuality:5]]
[2019.11.17-01.50.10:864][  0]LogConfig: Setting CVar [[r.Shadow.CSM.MaxCascades:10]]
[2019.11.17-01.50.10:864][  0]LogConfig: Setting CVar [[r.Shadow.MaxResolution:2048]]
[2019.11.17-01.50.10:864][  0]LogConfig: Setting CVar [[r.Shadow.MaxCSMResolution:2048]]
[2019.11.17-01.50.10:864][  0]LogConfig: Setting CVar [[r.Shadow.RadiusThreshold:0.01]]
[2019.11.17-01.50.10:864][  0]LogConfig: Setting CVar [[r.Shadow.DistanceScale:1.0]]
[2019.11.17-01.50.10:864][  0]LogConfig: Setting CVar [[r.Shadow.CSM.TransitionScale:1.0]]
[2019.11.17-01.50.10:864][  0]LogConfig: Setting CVar [[r.Shadow.PreShadowResolutionFactor:1.0]]
[2019.11.17-01.50.10:864][  0]LogConfig: Setting CVar [[r.DistanceFieldShadowing:1]]
[2019.11.17-01.50.10:864][  0]LogConfig: Setting CVar [[r.DistanceFieldAO:1]]
[2019.11.17-01.50.10:864][  0]LogConfig: Setting CVar [[r.AOQuality:2]]
[2019.11.17-01.50.10:864][  0]LogConfig: Setting CVar [[r.VolumetricFog:1]]
[2019.11.17-01.50.10:864][  0]LogConfig: Setting CVar [[r.VolumetricFog.GridPixelSize:8]]
[2019.11.17-01.50.10:864][  0]LogConfig: Setting CVar [[r.VolumetricFog.GridSizeZ:128]]
[2019.11.17-01.50.10:864][  0]LogConfig: Setting CVar [[r.VolumetricFog.HistoryMissSupersampleCount:4]]
[2019.11.17-01.50.10:865][  0]LogConfig: Setting CVar [[r.LightMaxDrawDistanceScale:1]]
[2019.11.17-01.50.10:865][  0]LogConfig: Setting CVar [[r.CapsuleShadows:1]]
[2019.11.17-01.50.10:865][  0]LogConfig: Applying CVar settings from Section [PostProcessQuality@3] File [C:/Users/SRFCPRO-EGWC/Documents/GitHub/multiuser/Erins Project/SpaceCErin/Saved/Config/Windows/Scalability.ini]
[2019.11.17-01.50.10:865][  0]LogConfig: Setting CVar [[r.MotionBlurQuality:4]]
[2019.11.17-01.50.10:865][  0]LogConfig: Setting CVar [[r.AmbientOcclusionMipLevelFactor:0.4]]
[2019.11.17-01.50.10:865][  0]LogConfig: Setting CVar [[r.AmbientOcclusionMaxQuality:100]]
[2019.11.17-01.50.10:865][  0]LogConfig: Setting CVar [[r.AmbientOcclusionLevels:-1]]
[2019.11.17-01.50.10:865][  0]LogConfig: Setting CVar [[r.AmbientOcclusionRadiusScale:1.0]]
[2019.11.17-01.50.10:865][  0]LogConfig: Setting CVar [[r.DepthOfFieldQuality:2]]
[2019.11.17-01.50.10:865][  0]LogConfig: Setting CVar [[r.RenderTargetPoolMin:400]]
[2019.11.17-01.50.10:865][  0]LogConfig: Setting CVar [[r.LensFlareQuality:2]]
[2019.11.17-01.50.10:865][  0]LogConfig: Setting CVar [[r.SceneColorFringeQuality:1]]
[2019.11.17-01.50.10:865][  0]LogConfig: Setting CVar [[r.EyeAdaptationQuality:2]]
[2019.11.17-01.50.10:865][  0]LogConfig: Setting CVar [[r.BloomQuality:5]]
[2019.11.17-01.50.10:865][  0]LogConfig: Setting CVar [[r.FastBlurThreshold:100]]
[2019.11.17-01.50.10:865][  0]LogConfig: Setting CVar [[r.Upscale.Quality:3]]
[2019.11.17-01.50.10:865][  0]LogConfig: Setting CVar [[r.Tonemapper.GrainQuantization:1]]
[2019.11.17-01.50.10:865][  0]LogConfig: Setting CVar [[r.LightShaftQuality:1]]
[2019.11.17-01.50.10:865][  0]LogConfig: Setting CVar [[r.Filter.SizeScale:1]]
[2019.11.17-01.50.10:865][  0]LogConfig: Setting CVar [[r.Tonemapper.Quality:5]]
[2019.11.17-01.50.10:865][  0]LogConfig: Setting CVar [[r.DOF.Gather.AccumulatorQuality:1        ; higher gathering accumulator quality]]
[2019.11.17-01.50.10:865][  0]LogConfig: Setting CVar [[r.DOF.Gather.PostfilterMethod:1          ; Median3x3 postfilering method]]
[2019.11.17-01.50.10:865][  0]LogConfig: Setting CVar [[r.DOF.Gather.EnableBokehSettings:0       ; no bokeh simulation when gathering]]
[2019.11.17-01.50.10:865][  0]LogConfig: Setting CVar [[r.DOF.Gather.RingCount:4                 ; medium number of samples when gathering]]
[2019.11.17-01.50.10:865][  0]LogConfig: Setting CVar [[r.DOF.Scatter.ForegroundCompositing:1    ; additive foreground scattering]]
[2019.11.17-01.50.10:865][  0]LogConfig: Setting CVar [[r.DOF.Scatter.BackgroundCompositing:2    ; additive background scattering]]
[2019.11.17-01.50.10:865][  0]LogConfig: Setting CVar [[r.DOF.Scatter.EnableBokehSettings:1      ; bokeh simulation when scattering]]
[2019.11.17-01.50.10:865][  0]LogConfig: Setting CVar [[r.DOF.Scatter.MaxSpriteRatio:0.1         ; only a maximum of 10% of scattered bokeh]]
[2019.11.17-01.50.10:865][  0]LogConfig: Setting CVar [[r.DOF.Recombine.Quality:1                ; cheap slight out of focus]]
[2019.11.17-01.50.10:865][  0]LogConfig: Setting CVar [[r.DOF.Recombine.EnableBokehSettings:0    ; no bokeh simulation on slight out of focus]]
[2019.11.17-01.50.10:865][  0]LogConfig: Setting CVar [[r.DOF.TemporalAAQuality:1                ; more stable temporal accumulation]]
[2019.11.17-01.50.10:865][  0]LogConfig: Setting CVar [[r.DOF.Kernel.MaxForegroundRadius:0.025]]
[2019.11.17-01.50.10:865][  0]LogConfig: Setting CVar [[r.DOF.Kernel.MaxBackgroundRadius:0.025]]
[2019.11.17-01.50.10:865][  0]LogConfig: Applying CVar settings from Section [TextureQuality@3] File [C:/Users/SRFCPRO-EGWC/Documents/GitHub/multiuser/Erins Project/SpaceCErin/Saved/Config/Windows/Scalability.ini]
[2019.11.17-01.50.10:865][  0]LogConfig: Setting CVar [[r.Streaming.MipBias:0]]
[2019.11.17-01.50.10:865][  0]LogConfig: Setting CVar [[r.Streaming.AmortizeCPUToGPUCopy:0]]
[2019.11.17-01.50.10:865][  0]LogConfig: Setting CVar [[r.Streaming.MaxNumTexturesToStreamPerFrame:0]]
[2019.11.17-01.50.10:865][  0]LogConfig: Setting CVar [[r.Streaming.Boost:1]]
[2019.11.17-01.50.10:865][  0]LogConfig: Setting CVar [[r.MaxAnisotropy:8]]
[2019.11.17-01.50.10:865][  0]LogConfig: Setting CVar [[r.Streaming.LimitPoolSizeToVRAM:0]]
[2019.11.17-01.50.10:865][  0]LogConfig: Setting CVar [[r.Streaming.PoolSize:1000]]
[2019.11.17-01.50.10:865][  0]LogConfig: Setting CVar [[r.Streaming.MaxEffectiveScreenSize:0]]
[2019.11.17-01.50.10:865][  0]LogConfig: Applying CVar settings from Section [EffectsQuality@3] File [C:/Users/SRFCPRO-EGWC/Documents/GitHub/multiuser/Erins Project/SpaceCErin/Saved/Config/Windows/Scalability.ini]
[2019.11.17-01.50.10:865][  0]LogConfig: Setting CVar [[r.TranslucencyLightingVolumeDim:64]]
[2019.11.17-01.50.10:865][  0]LogConfig: Setting CVar [[r.RefractionQuality:2]]
[2019.11.17-01.50.10:865][  0]LogConfig: Setting CVar [[r.SSR.Quality:3]]
[2019.11.17-01.50.10:865][  0]LogConfig: Setting CVar [[r.SceneColorFormat:4]]
[2019.11.17-01.50.10:865][  0]LogConfig: Setting CVar [[r.DetailMode:2]]
[2019.11.17-01.50.10:865][  0]LogConfig: Setting CVar [[r.TranslucencyVolumeBlur:1]]
[2019.11.17-01.50.10:865][  0]LogConfig: Setting CVar [[r.MaterialQualityLevel:1 ; High quality]]
[2019.11.17-01.50.10:865][  0]LogConfig: Setting CVar [[r.SSS.Scale:1]]
[2019.11.17-01.50.10:865][  0]LogConfig: Setting CVar [[r.SSS.SampleSet:2]]
[2019.11.17-01.50.10:865][  0]LogConfig: Setting CVar [[r.SSS.Quality:1]]
[2019.11.17-01.50.10:865][  0]LogConfig: Setting CVar [[r.SSS.HalfRes:1]]
[2019.11.17-01.50.10:865][  0]LogConfig: Setting CVar [[r.EmitterSpawnRateScale:1.0]]
[2019.11.17-01.50.10:865][  0]LogConfig: Setting CVar [[r.ParticleLightQuality:2]]
[2019.11.17-01.50.10:865][  0]LogConfig: Applying CVar settings from Section [FoliageQuality@3] File [C:/Users/SRFCPRO-EGWC/Documents/GitHub/multiuser/Erins Project/SpaceCErin/Saved/Config/Windows/Scalability.ini]
[2019.11.17-01.50.10:865][  0]LogConfig: Setting CVar [[foliage.DensityScale:1.0]]
[2019.11.17-01.50.10:865][  0]LogConfig: Setting CVar [[grass.DensityScale:1.0]]
[2019.11.17-01.50.10:866][  0]LogInit: Selected Device Profile: [Windows]
[2019.11.17-01.50.10:866][  0]LogInit: Applying CVar settings loaded from the selected device profile: [Windows]
[2019.11.17-01.50.10:870][  0]LogHAL: Display: Platform has ~ 8 GB [8511586304 / 8589934592 / 8], which maps to Default [LargestMinGB=32, LargerMinGB=12, DefaultMinGB=8, SmallerMinGB=6, SmallestMinGB=0)
[2019.11.17-01.50.10:870][  0]LogInit: Going up to parent DeviceProfile []
[2019.11.17-01.50.10:870][  0]LogConfig: Applying CVar settings from Section [ViewDistanceQuality@3] File [C:/Users/SRFCPRO-EGWC/Documents/GitHub/multiuser/Erins Project/SpaceCErin/Saved/Config/Windows/Scalability.ini]
[2019.11.17-01.50.10:870][  0]LogConfig: Setting CVar [[r.SkeletalMeshLODBias:0]]
[2019.11.17-01.50.10:870][  0]LogConfig: Setting CVar [[r.ViewDistanceScale:1.0]]
[2019.11.17-01.50.10:870][  0]LogConfig: Applying CVar settings from Section [AntiAliasingQuality@3] File [C:/Users/SRFCPRO-EGWC/Documents/GitHub/multiuser/Erins Project/SpaceCErin/Saved/Config/Windows/Scalability.ini]
[2019.11.17-01.50.10:870][  0]LogConfig: Setting CVar [[r.PostProcessAAQuality:4]]
[2019.11.17-01.50.10:870][  0]LogConfig: Applying CVar settings from Section [ShadowQuality@3] File [C:/Users/SRFCPRO-EGWC/Documents/GitHub/multiuser/Erins Project/SpaceCErin/Saved/Config/Windows/Scalability.ini]
[2019.11.17-01.50.10:870][  0]LogConfig: Setting CVar [[r.LightFunctionQuality:1]]
[2019.11.17-01.50.10:870][  0]LogConfig: Setting CVar [[r.ShadowQuality:5]]
[2019.11.17-01.50.10:870][  0]LogConfig: Setting CVar [[r.Shadow.CSM.MaxCascades:10]]
[2019.11.17-01.50.10:870][  0]LogConfig: Setting CVar [[r.Shadow.MaxResolution:2048]]
[2019.11.17-01.50.10:870][  0]LogConfig: Setting CVar [[r.Shadow.MaxCSMResolution:2048]]
[2019.11.17-01.50.10:870][  0]LogConfig: Setting CVar [[r.Shadow.RadiusThreshold:0.01]]
[2019.11.17-01.50.10:870][  0]LogConfig: Setting CVar [[r.Shadow.DistanceScale:1.0]]
[2019.11.17-01.50.10:870][  0]LogConfig: Setting CVar [[r.Shadow.CSM.TransitionScale:1.0]]
[2019.11.17-01.50.10:870][  0]LogConfig: Setting CVar [[r.Shadow.PreShadowResolutionFactor:1.0]]
[2019.11.17-01.50.10:870][  0]LogConfig: Setting CVar [[r.DistanceFieldShadowing:1]]
[2019.11.17-01.50.10:870][  0]LogConfig: Setting CVar [[r.DistanceFieldAO:1]]
[2019.11.17-01.50.10:870][  0]LogConfig: Setting CVar [[r.AOQuality:2]]
[2019.11.17-01.50.10:870][  0]LogConfig: Setting CVar [[r.VolumetricFog:1]]
[2019.11.17-01.50.10:870][  0]LogConfig: Setting CVar [[r.VolumetricFog.GridPixelSize:8]]
[2019.11.17-01.50.10:870][  0]LogConfig: Setting CVar [[r.VolumetricFog.GridSizeZ:128]]
[2019.11.17-01.50.10:870][  0]LogConfig: Setting CVar [[r.VolumetricFog.HistoryMissSupersampleCount:4]]
[2019.11.17-01.50.10:870][  0]LogConfig: Setting CVar [[r.LightMaxDrawDistanceScale:1]]
[2019.11.17-01.50.10:870][  0]LogConfig: Setting CVar [[r.CapsuleShadows:1]]
[2019.11.17-01.50.10:870][  0]LogConfig: Applying CVar settings from Section [PostProcessQuality@3] File [C:/Users/SRFCPRO-EGWC/Documents/GitHub/multiuser/Erins Project/SpaceCErin/Saved/Config/Windows/Scalability.ini]
[2019.11.17-01.50.10:870][  0]LogConfig: Setting CVar [[r.MotionBlurQuality:4]]
[2019.11.17-01.50.10:870][  0]LogConfig: Setting CVar [[r.AmbientOcclusionMipLevelFactor:0.4]]
[2019.11.17-01.50.10:870][  0]LogConfig: Setting CVar [[r.AmbientOcclusionMaxQuality:100]]
[2019.11.17-01.50.10:870][  0]LogConfig: Setting CVar [[r.AmbientOcclusionLevels:-1]]
[2019.11.17-01.50.10:870][  0]LogConfig: Setting CVar [[r.AmbientOcclusionRadiusScale:1.0]]
[2019.11.17-01.50.10:870][  0]LogConfig: Setting CVar [[r.DepthOfFieldQuality:2]]
[2019.11.17-01.50.10:870][  0]LogConfig: Setting CVar [[r.RenderTargetPoolMin:400]]
[2019.11.17-01.50.10:870][  0]LogConfig: Setting CVar [[r.LensFlareQuality:2]]
[2019.11.17-01.50.10:870][  0]LogConfig: Setting CVar [[r.SceneColorFringeQuality:1]]
[2019.11.17-01.50.10:870][  0]LogConfig: Setting CVar [[r.EyeAdaptationQuality:2]]
[2019.11.17-01.50.10:870][  0]LogConfig: Setting CVar [[r.BloomQuality:5]]
[2019.11.17-01.50.10:870][  0]LogConfig: Setting CVar [[r.FastBlurThreshold:100]]
[2019.11.17-01.50.10:871][  0]LogConfig: Setting CVar [[r.Upscale.Quality:3]]
[2019.11.17-01.50.10:871][  0]LogConfig: Setting CVar [[r.Tonemapper.GrainQuantization:1]]
[2019.11.17-01.50.10:871][  0]LogConfig: Setting CVar [[r.LightShaftQuality:1]]
[2019.11.17-01.50.10:871][  0]LogConfig: Setting CVar [[r.Filter.SizeScale:1]]
[2019.11.17-01.50.10:871][  0]LogConfig: Setting CVar [[r.Tonemapper.Quality:5]]
[2019.11.17-01.50.10:871][  0]LogConfig: Setting CVar [[r.DOF.Gather.AccumulatorQuality:1        ; higher gathering accumulator quality]]
[2019.11.17-01.50.10:871][  0]LogConfig: Setting CVar [[r.DOF.Gather.PostfilterMethod:1          ; Median3x3 postfilering method]]
[2019.11.17-01.50.10:871][  0]LogConfig: Setting CVar [[r.DOF.Gather.EnableBokehSettings:0       ; no bokeh simulation when gathering]]
[2019.11.17-01.50.10:871][  0]LogConfig: Setting CVar [[r.DOF.Gather.RingCount:4                 ; medium number of samples when gathering]]
[2019.11.17-01.50.10:871][  0]LogConfig: Setting CVar [[r.DOF.Scatter.ForegroundCompositing:1    ; additive foreground scattering]]
[2019.11.17-01.50.10:871][  0]LogConfig: Setting CVar [[r.DOF.Scatter.BackgroundCompositing:2    ; additive background scattering]]
[2019.11.17-01.50.10:871][  0]LogConfig: Setting CVar [[r.DOF.Scatter.EnableBokehSettings:1      ; bokeh simulation when scattering]]
[2019.11.17-01.50.10:871][  0]LogConfig: Setting CVar [[r.DOF.Scatter.MaxSpriteRatio:0.1         ; only a maximum of 10% of scattered bokeh]]
[2019.11.17-01.50.10:871][  0]LogConfig: Setting CVar [[r.DOF.Recombine.Quality:1                ; cheap slight out of focus]]
[2019.11.17-01.50.10:871][  0]LogConfig: Setting CVar [[r.DOF.Recombine.EnableBokehSettings:0    ; no bokeh simulation on slight out of focus]]
[2019.11.17-01.50.10:871][  0]LogConfig: Setting CVar [[r.DOF.TemporalAAQuality:1                ; more stable temporal accumulation]]
[2019.11.17-01.50.10:871][  0]LogConfig: Setting CVar [[r.DOF.Kernel.MaxForegroundRadius:0.025]]
[2019.11.17-01.50.10:871][  0]LogConfig: Setting CVar [[r.DOF.Kernel.MaxBackgroundRadius:0.025]]
[2019.11.17-01.50.10:871][  0]LogConfig: Applying CVar settings from Section [TextureQuality@3] File [C:/Users/SRFCPRO-EGWC/Documents/GitHub/multiuser/Erins Project/SpaceCErin/Saved/Config/Windows/Scalability.ini]
[2019.11.17-01.50.10:871][  0]LogConfig: Setting CVar [[r.Streaming.MipBias:0]]
[2019.11.17-01.50.10:871][  0]LogConfig: Setting CVar [[r.Streaming.AmortizeCPUToGPUCopy:0]]
[2019.11.17-01.50.10:871][  0]LogConfig: Setting CVar [[r.Streaming.MaxNumTexturesToStreamPerFrame:0]]
[2019.11.17-01.50.10:871][  0]LogConfig: Setting CVar [[r.Streaming.Boost:1]]
[2019.11.17-01.50.10:871][  0]LogConfig: Setting CVar [[r.MaxAnisotropy:8]]
[2019.11.17-01.50.10:871][  0]LogConfig: Setting CVar [[r.Streaming.LimitPoolSizeToVRAM:0]]
[2019.11.17-01.50.10:871][  0]LogConfig: Setting CVar [[r.Streaming.PoolSize:1000]]
[2019.11.17-01.50.10:871][  0]LogConfig: Setting CVar [[r.Streaming.MaxEffectiveScreenSize:0]]
[2019.11.17-01.50.10:871][  0]LogConfig: Applying CVar settings from Section [EffectsQuality@3] File [C:/Users/SRFCPRO-EGWC/Documents/GitHub/multiuser/Erins Project/SpaceCErin/Saved/Config/Windows/Scalability.ini]
[2019.11.17-01.50.10:871][  0]LogConfig: Setting CVar [[r.TranslucencyLightingVolumeDim:64]]
[2019.11.17-01.50.10:871][  0]LogConfig: Setting CVar [[r.RefractionQuality:2]]
[2019.11.17-01.50.10:871][  0]LogConfig: Setting CVar [[r.SSR.Quality:3]]
[2019.11.17-01.50.10:871][  0]LogConfig: Setting CVar [[r.SceneColorFormat:4]]
[2019.11.17-01.50.10:871][  0]LogConfig: Setting CVar [[r.DetailMode:2]]
[2019.11.17-01.50.10:871][  0]LogConfig: Setting CVar [[r.TranslucencyVolumeBlur:1]]
[2019.11.17-01.50.10:871][  0]LogConfig: Setting CVar [[r.MaterialQualityLevel:1 ; High quality]]
[2019.11.17-01.50.10:871][  0]LogConfig: Setting CVar [[r.SSS.Scale:1]]
[2019.11.17-01.50.10:871][  0]LogConfig: Setting CVar [[r.SSS.SampleSet:2]]
[2019.11.17-01.50.10:871][  0]LogConfig: Setting CVar [[r.SSS.Quality:1]]
[2019.11.17-01.50.10:871][  0]LogConfig: Setting CVar [[r.SSS.HalfRes:1]]
[2019.11.17-01.50.10:871][  0]LogConfig: Setting CVar [[r.EmitterSpawnRateScale:1.0]]
[2019.11.17-01.50.10:871][  0]LogConfig: Setting CVar [[r.ParticleLightQuality:2]]
[2019.11.17-01.50.10:871][  0]LogConfig: Applying CVar settings from Section [FoliageQuality@3] File [C:/Users/SRFCPRO-EGWC/Documents/GitHub/multiuser/Erins Project/SpaceCErin/Saved/Config/Windows/Scalability.ini]
[2019.11.17-01.50.10:871][  0]LogConfig: Setting CVar [[foliage.DensityScale:1.0]]
[2019.11.17-01.50.10:871][  0]LogConfig: Setting CVar [[grass.DensityScale:1.0]]
[2019.11.17-01.50.10:871][  0]LogConfig: Applying CVar settings from Section [Startup] File [../../../Engine/Config/ConsoleVariables.ini]
[2019.11.17-01.50.10:871][  0]LogConfig: Setting CVar [[net.UseAdaptiveNetUpdateFrequency:0]]
[2019.11.17-01.50.10:872][  0]LogConfig: Setting CVar [[p.chaos.AllowCreatePhysxBodies:1]]
[2019.11.17-01.50.10:872][  0]LogConfig: Applying CVar settings from Section [ConsoleVariables] File [C:/Users/SRFCPRO-EGWC/Documents/GitHub/multiuser/Erins Project/SpaceCErin/Saved/Config/Windows/Engine.ini]
[2019.11.17-01.50.10:873][  0]LogInit: Computer: EGC-SP4
[2019.11.17-01.50.10:873][  0]LogInit: User: SRFCPROEGWC
[2019.11.17-01.50.10:873][  0]LogInit: CPU Page size=4096, Cores=2
[2019.11.17-01.50.10:873][  0]LogInit: High frequency timer resolution =10.000000 MHz
[2019.11.17-01.50.10:873][  0]LogMemory: Memory total: Physical=7.9GB (8GB approx)
[2019.11.17-01.50.10:873][  0]LogMemory: Platform Memory Stats for Windows
[2019.11.17-01.50.10:873][  0]LogMemory: Process Physical Memory: 100.67 MB used, 100.68 MB peak
[2019.11.17-01.50.10:873][  0]LogMemory: Process Virtual Memory: 99.78 MB used, 99.78 MB peak
[2019.11.17-01.50.10:873][  0]LogMemory: Physical Memory: 5961.31 MB used,  2155.97 MB free, 8117.28 MB total
[2019.11.17-01.50.10:873][  0]LogMemory: Virtual Memory: 4651.61 MB used,  134213080.00 MB free, 134217728.00 MB total
[2019.11.17-01.50.10:875][  0]LogWindows: WindowsPlatformFeatures enabled
[2019.11.17-01.50.10:898][  0]LogInit: Using OS detected language (en-US).
[2019.11.17-01.50.10:898][  0]LogInit: Using OS detected locale (en-US).
[2019.11.17-01.50.10:898][  0]LogTextLocalizationManager: No specific localization for 'en-US' exists, so the 'en' localization will be used.
[2019.11.17-01.50.11:103][  0]LogInit: Setting process to per monitor DPI aware
[2019.11.17-01.50.11:156][  0]LogSlate: New Slate User Created.  User Index 0, Is Virtual User: 0
[2019.11.17-01.50.11:156][  0]LogSlate: Slate User Registered.  User Index 0, Is Virtual User: 0
[2019.11.17-01.50.11:403][  0]LogHMD: Failed to initialize OpenVR with code 110
[2019.11.17-01.50.11:403][  0]LogD3D11RHI: D3D11 adapters:
[2019.11.17-01.50.11:429][  0]LogD3D11RHI:    0. 'Intel(R) Iris(R) Graphics 540' (Feature Level 11_0)
[2019.11.17-01.50.11:429][  0]LogD3D11RHI:       128/0/4058 MB DedicatedVideo/DedicatedSystem/SharedSystem, Outputs:1, VendorId:0x8086
[2019.11.17-01.50.11:432][  0]LogD3D11RHI:    1. 'Microsoft Basic Render Driver' (Feature Level 11_0)
[2019.11.17-01.50.11:432][  0]LogD3D11RHI:       0/0/4058 MB DedicatedVideo/DedicatedSystem/SharedSystem, Outputs:0, VendorId:0x1414
[2019.11.17-01.50.11:432][  0]LogD3D11RHI: Chosen D3D11 Adapter: 0
[2019.11.17-01.50.11:439][  0]LogD3D11RHI: Creating new Direct3DDevice
[2019.11.17-01.50.11:439][  0]LogD3D11RHI:     GPU DeviceId: 0x1926 (for the marketing name, search the web for "GPU Device Id")
[2019.11.17-01.50.11:439][  0]LogWindows: EnumDisplayDevices:
[2019.11.17-01.50.11:439][  0]LogWindows:    0. 'Intel(R) Iris(R) Graphics 540' (P:1 D:1)
[2019.11.17-01.50.11:439][  0]LogWindows:    1. 'Intel(R) Iris(R) Graphics 540' (P:0 D:0)
[2019.11.17-01.50.11:440][  0]LogWindows:    2. 'Intel(R) Iris(R) Graphics 540' (P:0 D:0)
[2019.11.17-01.50.11:440][  0]LogWindows: DebugString: FoundDriverCount:3 
[2019.11.17-01.50.11:440][  0]LogD3D11RHI:     Adapter Name: Intel(R) Iris(R) Graphics 540
[2019.11.17-01.50.11:440][  0]LogD3D11RHI:   Driver Version: 24.20.100.6299 (internal:24.20.100.6299, unified:24.20.100.6299)
[2019.11.17-01.50.11:440][  0]LogD3D11RHI:      Driver Date: 10-11-2018
[2019.11.17-01.50.11:440][  0]LogRHI: Texture pool is 1510 MB (70% of 2157 MB)
[2019.11.17-01.50.11:464][  0]LogD3D11RHI: Async texture creation enabled
[2019.11.17-01.50.11:480][  0]LogD3D11RHI: GPU Timing Frequency: 12.000048 (Debug: 2 0)
[2019.11.17-01.50.11:872][  0]LogTemp: Display: Module 'AllDesktopTargetPlatform' loaded TargetPlatform 'AllDesktop'
[2019.11.17-01.50.11:883][  0]LogTemp: Display: Module 'MacClientTargetPlatform' loaded TargetPlatform 'MacClient'
[2019.11.17-01.50.11:894][  0]LogTemp: Display: Module 'MacNoEditorTargetPlatform' loaded TargetPlatform 'MacNoEditor'
[2019.11.17-01.50.11:904][  0]LogTemp: Display: Module 'MacServerTargetPlatform' loaded TargetPlatform 'MacServer'
[2019.11.17-01.50.11:914][  0]LogTemp: Display: Module 'MacTargetPlatform' loaded TargetPlatform 'Mac'
[2019.11.17-01.50.11:925][  0]LogTemp: Display: Module 'WindowsClientTargetPlatform' loaded TargetPlatform 'WindowsClient'
[2019.11.17-01.50.11:935][  0]LogTemp: Display: Module 'WindowsNoEditorTargetPlatform' loaded TargetPlatform 'WindowsNoEditor'
[2019.11.17-01.50.11:946][  0]LogTemp: Display: Module 'WindowsServerTargetPlatform' loaded TargetPlatform 'WindowsServer'
[2019.11.17-01.50.11:953][  0]LogTemp: Display: Module 'WindowsTargetPlatform' loaded TargetPlatform 'Windows'
[2019.11.17-01.50.11:999][  0]LogTemp: Display: Module 'AndroidTargetPlatform' loaded TargetPlatform 'Android'
[2019.11.17-01.50.11:999][  0]LogTemp: Display: Module 'AndroidTargetPlatform' loaded TargetPlatform 'Android_ASTC'
[2019.11.17-01.50.11:999][  0]LogTemp: Display: Module 'AndroidTargetPlatform' loaded TargetPlatform 'Android_ATC'
[2019.11.17-01.50.11:999][  0]LogTemp: Display: Module 'AndroidTargetPlatform' loaded TargetPlatform 'Android_DXT'
[2019.11.17-01.50.11:999][  0]LogTemp: Display: Module 'AndroidTargetPlatform' loaded TargetPlatform 'Android_ETC1'
[2019.11.17-01.50.11:999][  0]LogTemp: Display: Module 'AndroidTargetPlatform' loaded TargetPlatform 'Android_ETC1a'
[2019.11.17-01.50.11:999][  0]LogTemp: Display: Module 'AndroidTargetPlatform' loaded TargetPlatform 'Android_ETC2'
[2019.11.17-01.50.11:999][  0]LogTemp: Display: Module 'AndroidTargetPlatform' loaded TargetPlatform 'Android_PVRTC'
[2019.11.17-01.50.11:999][  0]LogTemp: Display: Module 'AndroidTargetPlatform' loaded TargetPlatform 'AndroidClient'
[2019.11.17-01.50.11:999][  0]LogTemp: Display: Module 'AndroidTargetPlatform' loaded TargetPlatform 'Android_ASTCClient'
[2019.11.17-01.50.11:999][  0]LogTemp: Display: Module 'AndroidTargetPlatform' loaded TargetPlatform 'Android_ATCClient'
[2019.11.17-01.50.11:999][  0]LogTemp: Display: Module 'AndroidTargetPlatform' loaded TargetPlatform 'Android_DXTClient'
[2019.11.17-01.50.11:999][  0]LogTemp: Display: Module 'AndroidTargetPlatform' loaded TargetPlatform 'Android_ETC1Client'
[2019.11.17-01.50.11:999][  0]LogTemp: Display: Module 'AndroidTargetPlatform' loaded TargetPlatform 'Android_ETC1aClient'
[2019.11.17-01.50.11:999][  0]LogTemp: Display: Module 'AndroidTargetPlatform' loaded TargetPlatform 'Android_ETC2Client'
[2019.11.17-01.50.11:999][  0]LogTemp: Display: Module 'AndroidTargetPlatform' loaded TargetPlatform 'Android_PVRTCClient'
[2019.11.17-01.50.11:999][  0]LogTemp: Display: Module 'AndroidTargetPlatform' loaded TargetPlatform 'Android_Multi'
[2019.11.17-01.50.11:999][  0]LogTemp: Display: Module 'AndroidTargetPlatform' loaded TargetPlatform 'Android_MultiClient'
[2019.11.17-01.50.12:001][  0]LogTemp: Display: Module 'HTML5TargetPlatform' loaded TargetPlatform 'HTML5'
[2019.11.17-01.50.12:023][  0]LogTemp: Display: Module 'IOSTargetPlatform' loaded TargetPlatform 'IOSClient'
[2019.11.17-01.50.12:023][  0]LogTemp: Display: Module 'IOSTargetPlatform' loaded TargetPlatform 'IOS'
[2019.11.17-01.50.12:039][  0]LogTemp: Display: Module 'TVOSTargetPlatform' loaded TargetPlatform 'TVOSClient'
[2019.11.17-01.50.12:039][  0]LogTemp: Display: Module 'TVOSTargetPlatform' loaded TargetPlatform 'TVOS'
[2019.11.17-01.50.12:048][  0]LogTemp: Display: Module 'LinuxClientTargetPlatform' loaded TargetPlatform 'LinuxClient'
[2019.11.17-01.50.12:056][  0]LogTemp: Display: Module 'LinuxNoEditorTargetPlatform' loaded TargetPlatform 'LinuxNoEditor'
[2019.11.17-01.50.12:065][  0]LogTemp: Display: Module 'LinuxServerTargetPlatform' loaded TargetPlatform 'LinuxServer'
[2019.11.17-01.50.12:074][  0]LogTemp: Display: Module 'LinuxTargetPlatform' loaded TargetPlatform 'Linux'
[2019.11.17-01.50.12:102][  0]LogTemp: Display: Module 'LuminTargetPlatform' loaded TargetPlatform 'Lumin'
[2019.11.17-01.50.12:102][  0]LogTemp: Display: Module 'LuminTargetPlatform' loaded TargetPlatform 'LuminClient'
[2019.11.17-01.50.12:102][  0]LogTargetPlatformManager: Display: Building Assets For Windows
[2019.11.17-01.50.12:114][  0]LogAudioDebug: Display: Lib vorbis DLL was dynamically loaded.
[2019.11.17-01.50.12:184][  0]LogShaderCompilers: Guid format shader working directory is -35 characters bigger than the processId version (../../../../../../Users/SRFCPRO-EGWC/Documents/GitHub/multiuser/Erins Project/SpaceCErin/Intermediate/Shaders/WorkingDirectory/9300/).
[2019.11.17-01.50.12:184][  0]LogShaderCompilers: Cleaned the shader compiler working directory 'C:/Users/SRFCPRO-EGWC/AppData/Local/Temp/UnrealShaderWorkingDir/9A79097B46A4E9BCB82FD8BAE456D094/'.
[2019.11.17-01.50.12:187][  0]LogXGEController: Cannot use XGE Controller as Incredibuild is not installed on this machine.
[2019.11.17-01.50.12:187][  0]LogShaderCompilers: Cannot use XGE Shader Compiler as Incredibuild is not installed on this machine.
[2019.11.17-01.50.12:187][  0]LogShaderCompilers: Display: Using Local Shader Compiler.
[2019.11.17-01.50.12:955][  0]LogDerivedDataCache: Display: Max Cache Size: 512 MB
[2019.11.17-01.50.13:008][  0]LogDerivedDataCache: Loaded boot cache 0.05s 74MB C:/Users/SRFCPRO-EGWC/AppData/Local/UnrealEngine/4.23/DerivedDataCache/Boot.ddc.
[2019.11.17-01.50.13:008][  0]LogDerivedDataCache: Display: Loaded Boot cache: C:/Users/SRFCPRO-EGWC/AppData/Local/UnrealEngine/4.23/DerivedDataCache/Boot.ddc
[2019.11.17-01.50.13:008][  0]LogDerivedDataCache: FDerivedDataBackendGraph:  Pak pak cache file ../../../../../../Users/SRFCPRO-EGWC/Documents/GitHub/multiuser/Erins Project/SpaceCErin/DerivedDataCache/DDC.ddp not found, will not use a pak cache.
[2019.11.17-01.50.13:008][  0]LogDerivedDataCache: Unable to find inner node Pak for hierarchical cache Hierarchy.
[2019.11.17-01.50.13:008][  0]LogDerivedDataCache: FDerivedDataBackendGraph:  CompressedPak pak cache file ../../../../../../Users/SRFCPRO-EGWC/Documents/GitHub/multiuser/Erins Project/SpaceCErin/DerivedDataCache/Compressed.ddp not found, will not use a pak cache.
[2019.11.17-01.50.13:008][  0]LogDerivedDataCache: Unable to find inner node CompressedPak for hierarchical cache Hierarchy.
[2019.11.17-01.50.13:021][  0]LogDerivedDataCache: Display: Pak cache opened for reading ../../../Engine/DerivedDataCache/Compressed.ddp.
[2019.11.17-01.50.13:024][  0]LogDerivedDataCache: Display: Pak cache opened for reading ../../../Enterprise/DerivedDataCache/Compressed.ddp.
[2019.11.17-01.50.13:025][  0]LogDerivedDataCache: Using Local data cache path C:/Users/SRFCPRO-EGWC/AppData/Local/UnrealEngine/Common/DerivedDataCache: Writable
[2019.11.17-01.50.13:025][  0]LogDerivedDataCache: Shared data cache path not found in *engine.ini, will not use an Shared cache.
[2019.11.17-01.50.13:025][  0]LogDerivedDataCache: Unable to find inner node Shared for hierarchical cache Hierarchy.
[2019.11.17-01.50.13:050][  0]LogMaterial: Verifying Global Shaders for PCD3D_SM5
[2019.11.17-01.50.13:053][  0]LogSlate: Using FreeType 2.6.0
[2019.11.17-01.50.13:054][  0]LogSlate: SlateFontServices - WITH_FREETYPE: 1, WITH_HARFBUZZ: 1
[2019.11.17-01.50.13:121][  0]LogAssetRegistry: FAssetRegistry took 0.0027 seconds to start up
[2019.11.17-01.50.13:449][  0]LogInit: Selected Device Profile: [Windows]
[2019.11.17-01.50.13:614][  0]LogMeshReduction: Using QuadricMeshReduction for automatic static mesh reduction
[2019.11.17-01.50.13:614][  0]LogMeshReduction: Using SimplygonMeshReduction for automatic skeletal mesh reduction
[2019.11.17-01.50.13:614][  0]LogMeshReduction: Using ProxyLODMeshReduction for automatic mesh merging
[2019.11.17-01.50.13:614][  0]LogMeshReduction: No distributed automatic mesh merging module available
[2019.11.17-01.50.13:614][  0]LogMeshMerging: No distributed automatic mesh merging module available
[2019.11.17-01.50.13:631][  0]LogNetVersion: SpaceCErin 1.0.0, NetCL: 8386587, EngineNetVer: 11, GameNetVer: 0 (Checksum: 3182642854)
[2019.11.17-01.50.14:280][  0]LogPackageLocalizationCache: Processed 18 localized package path(s) for 1 prioritized culture(s) in 0.138382 seconds
[2019.11.17-01.50.14:290][  0]LogUObjectArray: 43444 objects as part of root set at end of initial load.
[2019.11.17-01.50.14:290][  0]LogUObjectAllocator: 7548648 out of 0 bytes used by permanent object pool.
[2019.11.17-01.50.14:290][  0]LogUObjectArray: CloseDisregardForGC: 0/0 objects in disregard for GC pool
[2019.11.17-01.50.15:338][  0]LogTcpMessaging: Initializing TcpMessaging bridge
[2019.11.17-01.50.15:345][  0]LogUdpMessaging: Initializing bridge on interface 0.0.0.0:0 to multicast group 230.0.0.1:6666.
[2019.11.17-01.50.15:418][  0]SourceControl: Source control is disabled
[2019.11.17-01.50.15:418][  0]SourceControl: Source control is disabled
[2019.11.17-01.50.15:420][  0]SourceControl: Source control is disabled
[2019.11.17-01.50.15:422][  0]SourceControl: Source control is disabled
[2019.11.17-01.50.15:433][  0]LogVSAccessor: Display: Unable to create Visual Studio setup instance: 80040154
[2019.11.17-01.50.15:434][  0]LogVSAccessor: Display: Unable to create Visual Studio setup instance: 80040154
[2019.11.17-01.50.15:914][  0]LogAndroidPermission: UAndroidPermissionCallbackProxy::GetInstance
[2019.11.17-01.50.16:019][  0]LogOcInput: OculusInput pre-init called
[2019.11.17-01.50.16:031][  0]LogWindows: Failed to load 'OVRPlugin.dll' (GetLastError=126)
[2019.11.17-01.50.16:031][  0]LogWindows: File 'OVRPlugin.dll' does not exist
[2019.11.17-01.50.24:164][  0]LogEngine: Initializing Engine...
[2019.11.17-01.50.24:165][  0]LogHMD: Failed to initialize OpenVR with code 110
[2019.11.17-01.50.24:166][  0]LogStats: UGameplayTagsManager::InitializeManager -  0.000 s
[2019.11.17-01.50.24:423][  0]LogInit: Initializing FReadOnlyCVARCache
[2019.11.17-01.50.24:448][  0]LogAIModule: Creating AISystem for world Untitled
[2019.11.17-01.50.24:654][  0]LogInit: XAudio2 using 'Speakers (Realtek High Definition Audio(SST))' : 2 channels at 48 kHz using 32 bits per sample (channel mask 0x3)
[2019.11.17-01.50.25:233][  0]LogInit: FAudioDevice initialized.
[2019.11.17-01.50.25:233][  0]LogNetVersion: Set ProjectVersion to 1.0.0.0. Version Checksum will be recalculated on next use.
[2019.11.17-01.50.25:347][  0]LogDerivedDataCache: Saved boot cache 0.11s 74MB C:/Users/SRFCPRO-EGWC/AppData/Local/UnrealEngine/4.23/DerivedDataCache/Boot.ddc.
[2019.11.17-01.50.25:351][  0]LogInit: Texture streaming: Enabled
[2019.11.17-01.50.25:379][  0]LogEngineSessionManager: EngineSessionManager initialized
[2019.11.17-01.50.25:379][  0]LogEditorSessionSummary: Verbose: Initializing EditorSessionSummaryWriter for editor session tracking
[2019.11.17-01.50.25:411][  0]LogEditorSessionSummary: EditorSessionSummaryWriter initialized
[2019.11.17-01.50.25:501][  0]LogInit: Transaction tracking system initialized
[2019.11.17-01.50.25:559][  0]BlueprintLog: New page: Editor Load
[2019.11.17-01.50.25:706][  0]LocalizationService: Localization service is disabled
[2019.11.17-01.50.25:818][  0]LogVSAccessor: Display: Unable to create Visual Studio setup instance: 80040154
[2019.11.17-01.50.25:819][  0]LogVSAccessor: Display: Unable to create Visual Studio setup instance: 80040154
[2019.11.17-01.50.26:065][  0]LogFileCache: Scanning file cache for directory 'C:/Users/SRFCPRO-EGWC/Documents/GitHub/multiuser/Erins Project/SpaceCErin/Content/' took 0.00s
[2019.11.17-01.50.26:065][  0]LogCook: Display: Max memory allowance for cook 16384mb min free memory 0mb
[2019.11.17-01.50.26:065][  0]LogCook: Display: Mobile HDR setting 1
[2019.11.17-01.50.28:308][  0]SourceControl: Source control is disabled
[2019.11.17-01.50.28:308][  0]Cmd: MAP LOAD FILE="../../../../../../Users/SRFCPRO-EGWC/Documents/GitHub/multiuser/Erins Project/SpaceCErin/Content/FirstPersonBP/Maps/FirstPersonExampleMap.umap" TEMPLATE=0 SHOWPROGRESS=1 FEATURELEVEL=3
[2019.11.17-01.50.28:308][  0]LogEditorServer: Warning: Can't find file '../../../../../../Users/SRFCPRO-EGWC/Documents/GitHub/multiuser/Erins Project/SpaceCErin/Content/FirstPersonBP/Maps/FirstPersonExampleMap.umap'
[2019.11.17-01.50.28:308][  0]Cmd: MAP CHECKDEP NOCLEARLOG
[2019.11.17-01.50.28:309][  0]MapCheck: Map check complete: 0 Error(s), 0 Warning(s), took 0.228ms to complete.
[2019.11.17-01.50.28:309][  0]LogFileHelpers: Loading map 'FirstPersonExampleMap' took 0.001
[2019.11.17-01.50.28:513][  0]LogSlate: Updating window title bar state: overlay mode, drag disabled, window buttons hidden, title bar hidden
[2019.11.17-01.50.28:524][  0]LogSlate: Updating window title bar state: overlay mode, drag disabled, window buttons hidden, title bar hidden
[2019.11.17-01.50.28:533][  0]LogSlate: Updating window title bar state: overlay mode, drag disabled, window buttons hidden, title bar hidden
[2019.11.17-01.50.28:542][  0]LogSlate: Updating window title bar state: overlay mode, drag disabled, window buttons hidden, title bar hidden
[2019.11.17-01.50.28:577][  0]LogCollectionManager: Loaded 0 collections in 0.003208 seconds
[2019.11.17-01.50.28:613][  0]LogFileCache: Scanning file cache for directory 'C:/Users/SRFCPRO-EGWC/Documents/GitHub/multiuser/Erins Project/SpaceCErin/Saved/Collections/' took 0.00s
[2019.11.17-01.50.28:613][  0]LogFileCache: Scanning file cache for directory 'C:/Users/SRFCPRO-EGWC/Documents/GitHub/multiuser/Erins Project/SpaceCErin/Content/Developers/SRFCPROEGWC/Collections/' took 0.00s
[2019.11.17-01.50.28:613][  0]LogFileCache: Scanning file cache for directory 'C:/Users/SRFCPRO-EGWC/Documents/GitHub/multiuser/Erins Project/SpaceCErin/Content/Collections/' took 0.00s
[2019.11.17-01.50.28:613][  0]LogCollectionManager: Rebuilt the GUID cache for 0 collections in 0.000004 seconds
[2019.11.17-01.50.28:632][  0]LogContentBrowser: Native class hierarchy populated in 0.0165 seconds. Added 3045 classes and 765 folders.
[2019.11.17-01.50.28:651][  0]LogContentBrowser: Native class hierarchy updated for 'WidgetCarousel' in 0.0003 seconds. Added 0 classes and 0 folders.
[2019.11.17-01.50.29:035][  0]LogContentBrowser: Native class hierarchy updated for 'AddContentDialog' in 0.0004 seconds. Added 0 classes and 0 folders.
[2019.11.17-01.50.29:050][  0]LogContentBrowser: Native class hierarchy updated for 'SceneOutliner' in 0.0007 seconds. Added 1 classes and 0 folders.
[2019.11.17-01.50.29:392][  0]LogSlate: Took 0.000248 seconds to synchronously load lazily loaded font '../../../Engine/Content/Slate/Fonts/Roboto-Regular.ttf' (155K)
[2019.11.17-01.50.29:396][  0]LogSlate: Took 0.000236 seconds to synchronously load lazily loaded font '../../../Engine/Content/Slate/Fonts/Roboto-Bold.ttf' (160K)
[2019.11.17-01.50.29:417][  0]LogSlate: Took 0.005369 seconds to synchronously load lazily loaded font '../../../Engine/Content/Editor/Slate/Fonts/FontAwesome.ttf' (139K)
[2019.11.17-01.50.29:684][  0]LogRenderer: Reallocating scene render targets to support 984x556 Format 10 NumSamples 1 (Frame:1).
[2019.11.17-01.50.30:364][  0]LogContentBrowser: Native class hierarchy updated for 'HierarchicalLODOutliner' in 0.0003 seconds. Added 0 classes and 0 folders.
[2019.11.17-01.50.30:364][  0]LogLoad: (Engine Initialization) Total time: 21.02 seconds
[2019.11.17-01.50.30:364][  0]LogLoad: (Engine Initialization) Total Blueprint compile time: 0.00 seconds
[2019.11.17-01.50.30:442][  0]LogContentStreaming: Texture pool size now 1000 MB
[2019.11.17-01.50.30:575][  2]LogAssetRegistry: Asset discovery search completed in 17.4546 seconds
[2019.11.17-01.50.30:583][  2]LogCollectionManager: Rebuilt the object cache for 0 collections in 0.000007 seconds (found 0 objects)
[2019.11.17-01.50.30:583][  2]LogCollectionManager: Fixed up redirectors for 0 collections in 0.000095 seconds (updated 0 objects)
[2019.11.17-01.50.34:170][158]LogSlate: FSceneViewport::OnFocusLost() reason 0
[2019.11.17-01.50.43:924][594]LogSlate: Took 0.005409 seconds to synchronously load lazily loaded font '../../../Engine/Content/Slate/Fonts/Roboto-Light.ttf' (167K)
[2019.11.17-01.50.44:261][594]LogAIModule: Creating AISystem for world Habitat_Builder
[2019.11.17-01.50.44:273][594]LogAssetEditorManager: Opening Asset editor for World /Game/FirstPersonBP/Maps/Habitat_Builder.Habitat_Builder
[2019.11.17-01.50.44:301][594]LogUObjectHash: Compacting FUObjectHashTables data took   1.84ms
[2019.11.17-01.50.44:304][594]Cmd: MAP LOAD FILE="../../../../../../Users/SRFCPRO-EGWC/Documents/GitHub/multiuser/Erins Project/SpaceCErin/Content/FirstPersonBP/Maps/Habitat_Builder.umap" TEMPLATE=0 SHOWPROGRESS=1 FEATURELEVEL=3
[2019.11.17-01.50.44:304][594]LightingResults: New page: Lighting Build
[2019.11.17-01.50.44:307][594]LogContentBrowser: Native class hierarchy updated for 'StatsViewer' in 0.0003 seconds. Added 5 classes and 0 folders.
[2019.11.17-01.50.44:307][594]LoadErrors: New page: Loading map: Habitat_Builder.umap
[2019.11.17-01.50.44:308][594]LogWorld: UWorld::CleanupWorld for Untitled, bSessionEnded=true, bCleanupResources=true
[2019.11.17-01.50.44:309][594]MapCheck: New page: Map Check
[2019.11.17-01.50.44:309][594]LightingResults: New page: Lighting Build
[2019.11.17-01.50.44:330][594]LogUObjectHash: Compacting FUObjectHashTables data took   1.70ms
[2019.11.17-01.50.44:407][594]LogEditorServer: Finished looking for orphan Actors (0.000 secs)
[2019.11.17-01.50.44:435][594]LogUObjectHash: Compacting FUObjectHashTables data took   1.80ms
[2019.11.17-01.50.44:461][594]Cmd: MAP CHECKDEP NOCLEARLOG
[2019.11.17-01.50.44:461][594]MapCheck: Map check complete: 0 Error(s), 0 Warning(s), took 0.219ms to complete.
[2019.11.17-01.50.44:461][594]LogFileHelpers: Loading map 'Habitat_Builder' took 0.160
[2019.11.17-01.50.51:227][778]LogSlate: FSceneViewport::OnFocusLost() reason 0
[2019.11.17-01.50.55:586][893]LogAssetEditorManager: Opening Asset editor for Blueprint /Game/FirstPersonBP/Blueprints/FirstPersonCharacter.FirstPersonCharacter
[2019.11.17-01.50.56:092][893]LogContentBrowser: Native class hierarchy updated for 'BlueprintGraph' in 0.0007 seconds. Added 121 classes and 0 folders.
[2019.11.17-01.50.57:518][893]LogSlate: Took 0.003628 seconds to synchronously load lazily loaded font '../../../Engine/Content/Slate/Fonts/Roboto-BoldCondensed.ttf' (158K)
[2019.11.17-01.50.57:907][894]LogSlate: Took 0.003651 seconds to synchronously load lazily loaded font '../../../Engine/Content/Slate/Fonts/Roboto-Italic.ttf' (157K)
[2019.11.17-01.51.30:453][568]LogEditorSessionSummary: EditorSessionSummary sent report. Type=Shutdown, SessionId={F3670983-4CF7-1976-F5DB-47A647B8853D}
[2019.11.17-01.53.18:957][269]LogTemp: Repeating last play command: Selected Viewport
[2019.11.17-01.53.19:009][269]LogBlueprintUserMessages: Early PlayInEditor Detection: Level '/Game/FirstPersonBP/Maps/Habitat_Builder.Habitat_Builder:PersistentLevel' has LevelScriptBlueprint '/Game/FirstPersonBP/Maps/Habitat_Builder.Habitat_Builder:PersistentLevel.Habitat_Builder' with GeneratedClass '/Game/FirstPersonBP/Maps/Habitat_Builder.Habitat_Builder_C' with ClassGeneratedBy '/Game/FirstPersonBP/Maps/Habitat_Builder.Habitat_Builder:PersistentLevel.Habitat_Builder'
[2019.11.17-01.53.19:011][269]BlueprintLog: New page: Pre-Play auto-recompile
[2019.11.17-01.53.19:014][269]LogPlayLevel: [PlayLevel] Compiling FirstPersonCharacter before play...
[2019.11.17-01.53.19:519][269]LogUObjectHash: Compacting FUObjectHashTables data took   5.45ms
[2019.11.17-01.53.19:519][269]LogPlayLevel: PlayLevel: Blueprint regeneration took 508 ms (1 blueprints)
[2019.11.17-01.53.19:522][269]PIE: New page: PIE session: Habitat_Builder (Nov 16, 2019, 1:53:19 PM)
[2019.11.17-01.53.19:525][269]LogOnline: OSS: Creating online subsystem instance for: NULL
[2019.11.17-01.53.19:531][269]LogPlayLevel: Creating play world package: /Game/FirstPersonBP/Maps/UEDPIE_0_Habitat_Builder
[2019.11.17-01.53.19:535][269]LogPlayLevel: PIE: StaticDuplicateObject took: (0.004946s)
[2019.11.17-01.53.19:537][269]LogAIModule: Creating AISystem for world Habitat_Builder
[2019.11.17-01.53.19:537][269]LogPlayLevel: PIE: World Init took: (0.001881s)
[2019.11.17-01.53.19:538][269]LogPlayLevel: PIE: Created PIE world by copying editor world from /Game/FirstPersonBP/Maps/Habitat_Builder.Habitat_Builder to /Game/FirstPersonBP/Maps/UEDPIE_0_Habitat_Builder.Habitat_Builder (0.007277s)
[2019.11.17-01.53.19:586][269]LogUObjectHash: Compacting FUObjectHashTables data took   3.21ms
[2019.11.17-01.53.19:599][269]LogInit: XAudio2 using 'Speakers (Realtek High Definition Audio(SST))' : 2 channels at 48 kHz using 32 bits per sample (channel mask 0x3)
[2019.11.17-01.53.19:621][269]LogInit: FAudioDevice initialized.
[2019.11.17-01.53.19:670][269]LogLoad: Game class is 'FirstPersonGameMode_C'
[2019.11.17-01.53.19:688][269]LogWorld: Bringing World /Game/FirstPersonBP/Maps/UEDPIE_0_Habitat_Builder.Habitat_Builder up for play (max tick rate 60) at 2019.11.16-19.53.19
[2019.11.17-01.53.19:689][269]LogWorld: Bringing up level for play took: 0.002325
[2019.11.17-01.53.19:691][269]LogOnline: OSS: Creating online subsystem instance for: :Context_3
[2019.11.17-01.53.19:730][269]LogContentBrowser: Native class hierarchy updated for 'MovieSceneCapture' in 0.0004 seconds. Added 20 classes and 0 folders.
[2019.11.17-01.53.19:750][269]PIE: Play in editor start time for /Game/FirstPersonBP/Maps/UEDPIE_0_Habitat_Builder 0.29
[2019.11.17-01.53.19:750][269]LogBlueprintUserMessages: Late PlayInEditor Detection: Level '/Game/FirstPersonBP/Maps/Habitat_Builder.Habitat_Builder:PersistentLevel' has LevelScriptBlueprint '/Game/FirstPersonBP/Maps/Habitat_Builder.Habitat_Builder:PersistentLevel.Habitat_Builder' with GeneratedClass '/Game/FirstPersonBP/Maps/Habitat_Builder.Habitat_Builder_C' with ClassGeneratedBy '/Game/FirstPersonBP/Maps/Habitat_Builder.Habitat_Builder:PersistentLevel.Habitat_Builder'
[2019.11.17-01.53.22:966][348]LogBlueprintUserMessages: [FirstPersonCharacter_C_0] 0
[2019.11.17-01.53.22:968][348]LogBlueprintUserMessages: [FirstPersonCharacter_C_0] 
[2019.11.17-01.53.22:999][349]LogBlueprintUserMessages: [FirstPersonCharacter_C_0] 
[2019.11.17-01.53.23:100][350]LogBlueprintUserMessages: [FirstPersonCharacter_C_0] 
[2019.11.17-01.53.23:204][353]LogBlueprintUserMessages: [FirstPersonCharacter_C_0] 
[2019.11.17-01.53.23:339][356]LogBlueprintUserMessages: [FirstPersonCharacter_C_0] 
[2019.11.17-01.53.23:459][359]LogBlueprintUserMessages: [FirstPersonCharacter_C_0] 
[2019.11.17-01.53.23:606][362]LogBlueprintUserMessages: [FirstPersonCharacter_C_0] 
[2019.11.17-01.53.23:724][365]LogBlueprintUserMessages: [FirstPersonCharacter_C_0] 
[2019.11.17-01.53.23:889][368]LogBlueprintUserMessages: [FirstPersonCharacter_C_0] 
[2019.11.17-01.53.24:023][371]LogBlueprintUserMessages: [FirstPersonCharacter_C_0] 
[2019.11.17-01.53.24:163][374]LogBlueprintUserMessages: [FirstPersonCharacter_C_0] 
[2019.11.17-01.53.24:261][377]LogBlueprintUserMessages: [FirstPersonCharacter_C_0] 
[2019.11.17-01.53.24:366][379]LogBlueprintUserMessages: [FirstPersonCharacter_C_0] 
[2019.11.17-01.53.24:484][381]LogBlueprintUserMessages: [FirstPersonCharacter_C_0] 
[2019.11.17-01.53.24:605][384]LogBlueprintUserMessages: [FirstPersonCharacter_C_0] 
[2019.11.17-01.53.24:718][387]LogBlueprintUserMessages: [FirstPersonCharacter_C_0] 
[2019.11.17-01.53.24:840][390]LogBlueprintUserMessages: [FirstPersonCharacter_C_0] 
[2019.11.17-01.53.24:952][392]LogBlueprintUserMessages: [FirstPersonCharacter_C_0] 
[2019.11.17-01.53.25:068][395]LogBlueprintUserMessages: [FirstPersonCharacter_C_0] 
[2019.11.17-01.53.25:192][398]LogBlueprintUserMessages: [FirstPersonCharacter_C_0] 
[2019.11.17-01.53.25:318][401]LogBlueprintUserMessages: [FirstPersonCharacter_C_0] 
[2019.11.17-01.53.25:455][404]LogBlueprintUserMessages: [FirstPersonCharacter_C_0] 
[2019.11.17-01.53.25:580][407]LogBlueprintUserMessages: [FirstPersonCharacter_C_0] 
[2019.11.17-01.53.25:722][410]LogBlueprintUserMessages: [FirstPersonCharacter_C_0] 
[2019.11.17-01.53.25:846][413]LogBlueprintUserMessages: [FirstPersonCharacter_C_0] 
[2019.11.17-01.53.25:984][416]LogBlueprintUserMessages: [FirstPersonCharacter_C_0] 
[2019.11.17-01.53.26:112][419]LogBlueprintUserMessages: [FirstPersonCharacter_C_0] 
[2019.11.17-01.53.26:249][422]LogBlueprintUserMessages: [FirstPersonCharacter_C_0] 
[2019.11.17-01.53.26:376][425]LogBlueprintUserMessages: [FirstPersonCharacter_C_0] 
[2019.11.17-01.53.26:515][428]LogBlueprintUserMessages: [FirstPersonCharacter_C_0] 
[2019.11.17-01.53.26:640][431]LogBlueprintUserMessages: [FirstPersonCharacter_C_0] 
[2019.11.17-01.53.26:778][434]LogBlueprintUserMessages: [FirstPersonCharacter_C_0] 
[2019.11.17-01.53.26:905][437]LogBlueprintUserMessages: [FirstPersonCharacter_C_0] 
[2019.11.17-01.53.27:043][440]LogBlueprintUserMessages: [FirstPersonCharacter_C_0] 
[2019.11.17-01.53.27:161][443]LogBlueprintUserMessages: [FirstPersonCharacter_C_0] 
[2019.11.17-01.53.27:300][446]LogBlueprintUserMessages: [FirstPersonCharacter_C_0] 
[2019.11.17-01.53.27:405][448]LogBlueprintUserMessages: [FirstPersonCharacter_C_0] 
[2019.11.17-01.53.27:518][451]LogBlueprintUserMessages: [FirstPersonCharacter_C_0] 
[2019.11.17-01.53.27:663][454]LogBlueprintUserMessages: [FirstPersonCharacter_C_0] 
[2019.11.17-01.53.27:772][457]LogBlueprintUserMessages: [FirstPersonCharacter_C_0] 
[2019.11.17-01.53.27:878][459]LogBlueprintUserMessages: [FirstPersonCharacter_C_0] 
[2019.11.17-01.53.27:982][461]LogBlueprintUserMessages: [FirstPersonCharacter_C_0] 
[2019.11.17-01.53.28:128][464]LogBlueprintUserMessages: [FirstPersonCharacter_C_0] 
[2019.11.17-01.53.28:255][467]LogBlueprintUserMessages: [FirstPersonCharacter_C_0] 
[2019.11.17-01.53.28:395][470]LogBlueprintUserMessages: [FirstPersonCharacter_C_0] 
[2019.11.17-01.53.28:491][473]LogBlueprintUserMessages: [FirstPersonCharacter_C_0] 
[2019.11.17-01.53.28:637][476]LogBlueprintUserMessages: [FirstPersonCharacter_C_0] 
[2019.11.17-01.53.28:773][479]LogBlueprintUserMessages: [FirstPersonCharacter_C_0] 
[2019.11.17-01.53.28:912][482]LogBlueprintUserMessages: [FirstPersonCharacter_C_0] 
[2019.11.17-01.53.29:017][485]LogBlueprintUserMessages: [FirstPersonCharacter_C_0] 
[2019.11.17-01.53.29:137][487]LogBlueprintUserMessages: [FirstPersonCharacter_C_0] 
[2019.11.17-01.53.29:265][490]LogBlueprintUserMessages: [FirstPersonCharacter_C_0] 
[2019.11.17-01.53.29:366][493]LogBlueprintUserMessages: [FirstPersonCharacter_C_0] 
[2019.11.17-01.53.29:534][496]LogBlueprintUserMessages: [FirstPersonCharacter_C_0] 
[2019.11.17-01.53.29:641][499]LogBlueprintUserMessages: [FirstPersonCharacter_C_0] buildablehab_v3_Cylinder_025
[2019.11.17-01.53.29:765][502]LogBlueprintUserMessages: [FirstPersonCharacter_C_0] buildablehab_v3_Cylinder_025
[2019.11.17-01.53.29:894][505]LogBlueprintUserMessages: [FirstPersonCharacter_C_0] buildablehab_v3_Cylinder_025
[2019.11.17-01.53.30:029][508]LogBlueprintUserMessages: [FirstPersonCharacter_C_0] buildablehab_v3_Cylinder_025
[2019.11.17-01.53.30:146][511]LogBlueprintUserMessages: [FirstPersonCharacter_C_0] buildablehab_v3_Cylinder_025
[2019.11.17-01.53.30:278][514]LogBlueprintUserMessages: [FirstPersonCharacter_C_0] buildablehab_v3_Cylinder_025
[2019.11.17-01.53.30:398][517]LogBlueprintUserMessages: [FirstPersonCharacter_C_0] buildablehab_v3_Cylinder_025
[2019.11.17-01.53.30:533][520]LogBlueprintUserMessages: [FirstPersonCharacter_C_0] buildablehab_v3_Cylinder_025
[2019.11.17-01.53.30:652][523]LogBlueprintUserMessages: [FirstPersonCharacter_C_0] buildablehab_v3_Cylinder_025
[2019.11.17-01.53.30:789][526]LogBlueprintUserMessages: [FirstPersonCharacter_C_0] buildablehab_v3_Cylinder_025
[2019.11.17-01.53.30:893][528]LogBlueprintUserMessages: [FirstPersonCharacter_C_0] buildablehab_v3_Cylinder_025
[2019.11.17-01.53.31:003][531]LogBlueprintUserMessages: [FirstPersonCharacter_C_0] buildablehab_v3_Cylinder_025
[2019.11.17-01.53.31:113][533]LogBlueprintUserMessages: [FirstPersonCharacter_C_0] buildablehab_v3_Cylinder_025
[2019.11.17-01.53.31:253][536]LogBlueprintUserMessages: [FirstPersonCharacter_C_0] buildablehab_v3_Cylinder_025
[2019.11.17-01.53.31:381][539]LogBlueprintUserMessages: [FirstPersonCharacter_C_0] buildablehab_v3_Cylinder_025
[2019.11.17-01.53.31:514][542]LogBlueprintUserMessages: [FirstPersonCharacter_C_0] buildablehab_v3_Cylinder_025
[2019.11.17-01.53.31:626][545]LogBlueprintUserMessages: [FirstPersonCharacter_C_0] buildablehab_v3_Cylinder_025
[2019.11.17-01.53.31:727][547]LogBlueprintUserMessages: [FirstPersonCharacter_C_0] buildablehab_v3_Cylinder_025
[2019.11.17-01.53.31:830][550]LogBlueprintUserMessages: [FirstPersonCharacter_C_0] buildablehab_v3_Cylinder_025
[2019.11.17-01.53.31:984][553]LogBlueprintUserMessages: [FirstPersonCharacter_C_0] buildablehab_v3_Cylinder_025
[2019.11.17-01.53.32:085][556]LogBlueprintUserMessages: [FirstPersonCharacter_C_0] buildablehab_v3_Cylinder_025
[2019.11.17-01.53.32:206][559]LogBlueprintUserMessages: [FirstPersonCharacter_C_0] buildablehab_v3_Cylinder_025
[2019.11.17-01.53.32:330][562]LogBlueprintUserMessages: [FirstPersonCharacter_C_0] buildablehab_v3_Cylinder_025
[2019.11.17-01.53.32:429][564]LogBlueprintUserMessages: [FirstPersonCharacter_C_0] buildablehab_v3_Cylinder_025
[2019.11.17-01.53.32:532][566]LogBlueprintUserMessages: [FirstPersonCharacter_C_0] buildablehab_v3_Cylinder_025
[2019.11.17-01.53.32:643][569]LogBlueprintUserMessages: [FirstPersonCharacter_C_0] buildablehab_v3_Cylinder_025
[2019.11.17-01.53.32:765][572]LogBlueprintUserMessages: [FirstPersonCharacter_C_0] buildablehab_v3_Cylinder_025
[2019.11.17-01.53.32:872][574]LogBlueprintUserMessages: [FirstPersonCharacter_C_0] buildablehab_v3_Cylinder_025
[2019.11.17-01.53.33:013][577]LogBlueprintUserMessages: [FirstPersonCharacter_C_0] buildablehab_v3_Cylinder_025
[2019.11.17-01.53.33:140][580]LogBlueprintUserMessages: [FirstPersonCharacter_C_0] buildablehab_v3_Cylinder_025
[2019.11.17-01.53.33:276][583]LogBlueprintUserMessages: [FirstPersonCharacter_C_0] buildablehab_v3_Cylinder_025
[2019.11.17-01.53.33:380][586]LogBlueprintUserMessages: [FirstPersonCharacter_C_0] buildablehab_v3_Cylinder_025
[2019.11.17-01.53.33:495][588]LogBlueprintUserMessages: [FirstPersonCharacter_C_0] buildablehab_v3_Cylinder_025
[2019.11.17-01.53.33:603][591]LogBlueprintUserMessages: [FirstPersonCharacter_C_0] buildablehab_v3_Cylinder_025
[2019.11.17-01.53.33:737][594]LogBlueprintUserMessages: [FirstPersonCharacter_C_0] buildablehab_v3_Cylinder_025
[2019.11.17-01.53.33:844][596]LogBlueprintUserMessages: [FirstPersonCharacter_C_0] buildablehab_v3_Cylinder_025
[2019.11.17-01.53.33:947][599]LogBlueprintUserMessages: [FirstPersonCharacter_C_0] buildablehab_v3_Cylinder_025
[2019.11.17-01.53.34:066][601]LogBlueprintUserMessages: [FirstPersonCharacter_C_0] buildablehab_v3_Cylinder_025
[2019.11.17-01.53.40:286][755]LogBlueprintUserMessages: [FirstPersonCharacter_C_0] 1
[2019.11.17-01.53.40:286][755]LogBlueprintUserMessages: [FirstPersonCharacter_C_0] 
[2019.11.17-01.53.40:343][756]LogBlueprintUserMessages: [FirstPersonCharacter_C_0] 
[2019.11.17-01.53.40:449][759]LogBlueprintUserMessages: [FirstPersonCharacter_C_0] 
[2019.11.17-01.53.40:588][762]LogBlueprintUserMessages: [FirstPersonCharacter_C_0] 
[2019.11.17-01.53.40:701][765]LogBlueprintUserMessages: [FirstPersonCharacter_C_0] 
[2019.11.17-01.53.40:835][768]LogBlueprintUserMessages: [FirstPersonCharacter_C_0] 
[2019.11.17-01.53.40:953][771]LogBlueprintUserMessages: [FirstPersonCharacter_C_0] 
[2019.11.17-01.53.41:113][774]LogBlueprintUserMessages: [FirstPersonCharacter_C_0] 
[2019.11.17-01.53.41:216][777]LogBlueprintUserMessages: [FirstPersonCharacter_C_0] 
[2019.11.17-01.53.41:363][780]LogBlueprintUserMessages: [FirstPersonCharacter_C_0] 
[2019.11.17-01.53.41:496][783]LogBlueprintUserMessages: [FirstPersonCharacter_C_0] 
[2019.11.17-01.53.41:600][786]LogBlueprintUserMessages: [FirstPersonCharacter_C_0] 
[2019.11.17-01.53.41:740][789]LogBlueprintUserMessages: [FirstPersonCharacter_C_0] 
[2019.11.17-01.53.41:878][792]LogBlueprintUserMessages: [FirstPersonCharacter_C_0] 
[2019.11.17-01.53.42:001][795]LogBlueprintUserMessages: [FirstPersonCharacter_C_0] 
[2019.11.17-01.53.42:115][797]LogBlueprintUserMessages: [FirstPersonCharacter_C_0] 
[2019.11.17-01.53.42:251][800]LogBlueprintUserMessages: [FirstPersonCharacter_C_0] buildablehab_v3_Cylinder_107
[2019.11.17-01.53.42:361][803]LogBlueprintUserMessages: [FirstPersonCharacter_C_0] buildablehab_v3_Cylinder_107
[2019.11.17-01.53.42:469][806]LogBlueprintUserMessages: [FirstPersonCharacter_C_0] buildablehab_v3_Cylinder_107
[2019.11.17-01.53.42:589][808]LogBlueprintUserMessages: [FirstPersonCharacter_C_0] buildablehab_v3_Cylinder_107
[2019.11.17-01.53.42:759][812]LogBlueprintUserMessages: [FirstPersonCharacter_C_0] buildablehab_v3_Cylinder_107
[2019.11.17-01.53.42:920][816]LogBlueprintUserMessages: [FirstPersonCharacter_C_0] buildablehab_v3_Cylinder_107
[2019.11.17-01.53.43:020][819]LogBlueprintUserMessages: [FirstPersonCharacter_C_0] buildablehab_v3_Cylinder_107
[2019.11.17-01.53.43:153][822]LogBlueprintUserMessages: [FirstPersonCharacter_C_0] buildablehab_v3_Cylinder_107
[2019.11.17-01.53.43:289][825]LogBlueprintUserMessages: [FirstPersonCharacter_C_0] buildablehab_v3_Cylinder_107
[2019.11.17-01.53.43:402][828]LogBlueprintUserMessages: [FirstPersonCharacter_C_0] buildablehab_v3_Cylinder_107
[2019.11.17-01.53.43:518][831]LogBlueprintUserMessages: [FirstPersonCharacter_C_0] buildablehab_v3_Cylinder_107
[2019.11.17-01.53.43:646][834]LogBlueprintUserMessages: [FirstPersonCharacter_C_0] buildablehab_v3_Cylinder_107
[2019.11.17-01.53.43:773][837]LogBlueprintUserMessages: [FirstPersonCharacter_C_0] buildablehab_v3_Cylinder_107
[2019.11.17-01.53.43:873][839]LogBlueprintUserMessages: [FirstPersonCharacter_C_0] buildablehab_v3_Cylinder_107
[2019.11.17-01.54.18:915][722]LogBlueprintUserMessages: [FirstPersonCharacter_C_0] 0
[2019.11.17-01.54.18:915][722]LogBlueprintUserMessages: [FirstPersonCharacter_C_0] 
[2019.11.17-01.54.18:954][723]LogBlueprintUserMessages: [FirstPersonCharacter_C_0] 
[2019.11.17-01.54.19:077][726]LogBlueprintUserMessages: [FirstPersonCharacter_C_0] 
[2019.11.17-01.54.19:180][729]LogBlueprintUserMessages: [FirstPersonCharacter_C_0] 
[2019.11.17-01.54.19:310][732]LogBlueprintUserMessages: [FirstPersonCharacter_C_0] 
[2019.11.17-01.54.19:419][734]LogBlueprintUserMessages: [FirstPersonCharacter_C_0] 
[2019.11.17-01.54.19:555][737]LogBlueprintUserMessages: [FirstPersonCharacter_C_0] 
[2019.11.17-01.54.19:660][740]LogBlueprintUserMessages: [FirstPersonCharacter_C_0] 
[2019.11.17-01.54.19:763][742]LogBlueprintUserMessages: [FirstPersonCharacter_C_0] 
[2019.11.17-01.54.19:875][745]LogBlueprintUserMessages: [FirstPersonCharacter_C_0] 
[2019.11.17-01.54.19:989][747]LogBlueprintUserMessages: [FirstPersonCharacter_C_0] 
[2019.11.17-01.54.20:277][750]LogBlueprintUserMessages: [FirstPersonCharacter_C_0] 
[2019.11.17-01.54.20:416][755]LogBlueprintUserMessages: [FirstPersonCharacter_C_0] 
[2019.11.17-01.54.22:498][806]LogBlueprintUserMessages: [FirstPersonCharacter_C_0] 0
[2019.11.17-01.54.22:498][806]LogBlueprintUserMessages: [FirstPersonCharacter_C_0] 
[2019.11.17-01.54.22:564][807]LogBlueprintUserMessages: [FirstPersonCharacter_C_0] 
[2019.11.17-01.54.22:706][811]LogBlueprintUserMessages: [FirstPersonCharacter_C_0] 
[2019.11.17-01.54.22:829][814]LogBlueprintUserMessages: [FirstPersonCharacter_C_0] 
[2019.11.17-01.54.22:946][817]LogBlueprintUserMessages: [FirstPersonCharacter_C_0] 
[2019.11.17-01.54.23:082][820]LogBlueprintUserMessages: [FirstPersonCharacter_C_0] 
[2019.11.17-01.54.23:188][823]LogBlueprintUserMessages: [FirstPersonCharacter_C_0] 
[2019.11.17-01.54.23:295][825]LogBlueprintUserMessages: [FirstPersonCharacter_C_0] 
[2019.11.17-01.54.23:442][829]LogBlueprintUserMessages: [FirstPersonCharacter_C_0] 
[2019.11.17-01.54.23:571][832]LogBlueprintUserMessages: [FirstPersonCharacter_C_0] 
[2019.11.17-01.54.33:909][ 92]LogBlueprintUserMessages: [FirstPersonCharacter_C_0] 0
[2019.11.17-01.54.33:910][ 92]LogBlueprintUserMessages: [FirstPersonCharacter_C_0] 
[2019.11.17-01.54.33:951][ 93]LogBlueprintUserMessages: [FirstPersonCharacter_C_0] 
[2019.11.17-01.54.34:054][ 97]LogBlueprintUserMessages: [FirstPersonCharacter_C_0] 
[2019.11.17-01.54.34:183][100]LogBlueprintUserMessages: [FirstPersonCharacter_C_0] 
[2019.11.17-01.54.34:308][104]LogBlueprintUserMessages: [FirstPersonCharacter_C_0] 
[2019.11.17-01.54.34:417][107]LogBlueprintUserMessages: [FirstPersonCharacter_C_0] 
[2019.11.17-01.54.34:561][110]LogBlueprintUserMessages: [FirstPersonCharacter_C_0] 
[2019.11.17-01.54.34:700][114]LogBlueprintUserMessages: [FirstPersonCharacter_C_0] 
[2019.11.17-01.54.34:812][117]LogBlueprintUserMessages: [FirstPersonCharacter_C_0] 
[2019.11.17-01.54.34:941][120]LogBlueprintUserMessages: [FirstPersonCharacter_C_0] 
[2019.11.17-01.54.35:056][123]LogBlueprintUserMessages: [FirstPersonCharacter_C_0] 
[2019.11.17-01.54.35:158][125]LogBlueprintUserMessages: [FirstPersonCharacter_C_0] 
[2019.11.17-01.54.35:270][128]LogBlueprintUserMessages: [FirstPersonCharacter_C_0] 
[2019.11.17-01.54.35:431][131]LogBlueprintUserMessages: [FirstPersonCharacter_C_0] 
[2019.11.17-01.54.35:555][134]LogBlueprintUserMessages: [FirstPersonCharacter_C_0] 
[2019.11.17-01.54.35:664][137]LogBlueprintUserMessages: [FirstPersonCharacter_C_0] 
[2019.11.17-01.54.35:771][139]LogBlueprintUserMessages: [FirstPersonCharacter_C_0] 
[2019.11.17-01.54.35:904][142]LogBlueprintUserMessages: [FirstPersonCharacter_C_0] 
[2019.11.17-01.54.36:045][146]LogBlueprintUserMessages: [FirstPersonCharacter_C_0] 
[2019.11.17-01.54.36:169][149]LogBlueprintUserMessages: [FirstPersonCharacter_C_0] 
[2019.11.17-01.54.36:299][152]LogBlueprintUserMessages: [FirstPersonCharacter_C_0] 
[2019.11.17-01.54.36:414][154]LogBlueprintUserMessages: [FirstPersonCharacter_C_0] 
[2019.11.17-01.54.36:577][158]LogBlueprintUserMessages: [FirstPersonCharacter_C_0] 
[2019.11.17-01.54.36:685][161]LogBlueprintUserMessages: [FirstPersonCharacter_C_0] 
[2019.11.17-01.54.36:807][164]LogBlueprintUserMessages: [FirstPersonCharacter_C_0] CylinderTube2
[2019.11.17-01.54.36:912][167]LogBlueprintUserMessages: [FirstPersonCharacter_C_0] CylinderTube2
[2019.11.17-01.54.37:073][170]LogBlueprintUserMessages: [FirstPersonCharacter_C_0] CylinderTube2
[2019.11.17-01.54.37:212][173]LogBlueprintUserMessages: [FirstPersonCharacter_C_0] CylinderTube2
[2019.11.17-01.54.37:331][176]LogBlueprintUserMessages: [FirstPersonCharacter_C_0] 
[2019.11.17-01.54.37:454][179]LogBlueprintUserMessages: [FirstPersonCharacter_C_0] 
[2019.11.17-01.54.37:583][182]LogBlueprintUserMessages: [FirstPersonCharacter_C_0] 
[2019.11.17-01.54.37:688][185]LogBlueprintUserMessages: [FirstPersonCharacter_C_0] 
[2019.11.17-01.54.37:792][187]LogBlueprintUserMessages: [FirstPersonCharacter_C_0] 
[2019.11.17-01.54.37:919][190]LogBlueprintUserMessages: [FirstPersonCharacter_C_0] 
[2019.11.17-01.54.38:037][193]LogBlueprintUserMessages: [FirstPersonCharacter_C_0] 
[2019.11.17-01.54.38:164][196]LogBlueprintUserMessages: [FirstPersonCharacter_C_0] 
[2019.11.17-01.54.38:285][199]LogBlueprintUserMessages: [FirstPersonCharacter_C_0] 
[2019.11.17-01.54.38:387][202]LogBlueprintUserMessages: [FirstPersonCharacter_C_0] 
[2019.11.17-01.54.38:506][205]LogBlueprintUserMessages: [FirstPersonCharacter_C_0] 
[2019.11.17-01.54.38:631][208]LogBlueprintUserMessages: [FirstPersonCharacter_C_0] 
[2019.11.17-01.54.38:732][210]LogBlueprintUserMessages: [FirstPersonCharacter_C_0] 
[2019.11.17-01.54.38:847][213]LogBlueprintUserMessages: [FirstPersonCharacter_C_0] 
[2019.11.17-01.54.38:979][216]LogBlueprintUserMessages: [FirstPersonCharacter_C_0] 
[2019.11.17-01.54.39:104][219]LogBlueprintUserMessages: [FirstPersonCharacter_C_0] 
[2019.11.17-01.54.39:226][222]LogBlueprintUserMessages: [FirstPersonCharacter_C_0] 
[2019.11.17-01.54.39:353][225]LogBlueprintUserMessages: [FirstPersonCharacter_C_0] 
[2019.11.17-01.54.39:515][229]LogBlueprintUserMessages: [FirstPersonCharacter_C_0] 
[2019.11.17-01.54.39:620][232]LogBlueprintUserMessages: [FirstPersonCharacter_C_0] 
[2019.11.17-01.54.39:734][235]LogBlueprintUserMessages: [FirstPersonCharacter_C_0] 
[2019.11.17-01.54.39:836][237]LogBlueprintUserMessages: [FirstPersonCharacter_C_0] 
[2019.11.17-01.54.39:958][240]LogBlueprintUserMessages: [FirstPersonCharacter_C_0] 
[2019.11.17-01.54.40:084][243]LogBlueprintUserMessages: [FirstPersonCharacter_C_0] 
[2019.11.17-01.54.40:186][246]LogBlueprintUserMessages: [FirstPersonCharacter_C_0] 
[2019.11.17-01.54.40:294][248]LogBlueprintUserMessages: [FirstPersonCharacter_C_0] 
[2019.11.17-01.54.40:441][252]LogBlueprintUserMessages: [FirstPersonCharacter_C_0] 
[2019.11.17-01.54.40:569][255]LogBlueprintUserMessages: [FirstPersonCharacter_C_0] 
[2019.11.17-01.54.40:699][258]LogBlueprintUserMessages: [FirstPersonCharacter_C_0] 
[2019.11.17-01.54.40:804][261]LogBlueprintUserMessages: [FirstPersonCharacter_C_0] 
[2019.11.17-01.54.40:917][264]LogBlueprintUserMessages: [FirstPersonCharacter_C_0] 
[2019.11.17-01.54.41:051][267]LogBlueprintUserMessages: [FirstPersonCharacter_C_0] 
[2019.11.17-01.54.41:162][270]LogBlueprintUserMessages: [FirstPersonCharacter_C_0] 
[2019.11.17-01.54.41:293][273]LogBlueprintUserMessages: [FirstPersonCharacter_C_0] 
[2019.11.17-01.54.41:407][276]LogBlueprintUserMessages: [FirstPersonCharacter_C_0] 
[2019.11.17-01.54.41:538][279]LogBlueprintUserMessages: [FirstPersonCharacter_C_0] 
[2019.11.17-01.54.41:655][282]LogBlueprintUserMessages: [FirstPersonCharacter_C_0] 
[2019.11.17-01.54.41:785][285]LogBlueprintUserMessages: [FirstPersonCharacter_C_0] 
[2019.11.17-01.54.41:898][287]LogBlueprintUserMessages: Early EndPlayMap Detection: Level '/Game/FirstPersonBP/Maps/Habitat_Builder.Habitat_Builder:PersistentLevel' has LevelScriptBlueprint '/Game/FirstPersonBP/Maps/Habitat_Builder.Habitat_Builder:PersistentLevel.Habitat_Builder' with GeneratedClass '/Game/FirstPersonBP/Maps/Habitat_Builder.Habitat_Builder_C' with ClassGeneratedBy '/Game/FirstPersonBP/Maps/Habitat_Builder.Habitat_Builder:PersistentLevel.Habitat_Builder'
[2019.11.17-01.54.41:900][287]LogSlate: Updating window title bar state: overlay mode, drag disabled, window buttons hidden, title bar hidden
[2019.11.17-01.54.41:900][287]LogWorld: BeginTearingDown for /Game/FirstPersonBP/Maps/UEDPIE_0_Habitat_Builder
[2019.11.17-01.54.41:900][287]LogWorld: UWorld::CleanupWorld for Habitat_Builder, bSessionEnded=true, bCleanupResources=true
[2019.11.17-01.54.41:978][287]LogPlayLevel: Display: Shutting down PIE online subsystems
[2019.11.17-01.54.41:979][287]LogBlueprintUserMessages: Late EndPlayMap Detection: Level '/Game/FirstPersonBP/Maps/Habitat_Builder.Habitat_Builder:PersistentLevel' has LevelScriptBlueprint '/Game/FirstPersonBP/Maps/Habitat_Builder.Habitat_Builder:PersistentLevel.Habitat_Builder' with GeneratedClass '/Game/FirstPersonBP/Maps/Habitat_Builder.Habitat_Builder_C' with ClassGeneratedBy '/Game/FirstPersonBP/Maps/Habitat_Builder.Habitat_Builder:PersistentLevel.Habitat_Builder'
[2019.11.17-01.54.42:123][287]LogSlate: Updating window title bar state: overlay mode, drag disabled, window buttons hidden, title bar hidden
[2019.11.17-01.54.42:149][287]LogUObjectHash: Compacting FUObjectHashTables data took  16.05ms
[2019.11.17-01.54.42:202][288]LogPlayLevel: Display: Destroying online subsystem :Context_3
[2019.11.17-01.54.43:896][328]LogSlate: FSceneViewport::OnFocusLost() reason 0
[2019.11.17-01.56.12:792][823]LogAssetEditorManager: Opening Asset editor for Blueprint /Game/FirstPersonBP/BuildSystem/BP/CylinderTube.CylinderTube
[2019.11.17-01.56.18:985][918]LogRenderer: Reallocating scene render targets to support 984x692 Format 10 NumSamples 1 (Frame:1).
[2019.11.17-01.56.40:077][191]LogSlate: FSceneViewport::OnFocusLost() reason 0
[2019.11.17-01.56.55:779][530]LogAssetEditorManager: Opening Asset editor for StaticMesh /Game/FirstPersonBP/BuildSystem/Meshes/2Joint.2Joint
[2019.11.17-01.56.57:213][531]LogRenderer: Reallocating scene render targets to support 1164x876 Format 10 NumSamples 1 (Frame:1).
[2019.11.17-01.57.18:896][761]LogSlate: FSceneViewport::OnFocusLost() reason 0
[2019.11.17-01.57.39:686][962]LogSlate: Window '2Joint' being destroyed
[2019.11.17-01.57.39:797][962]LogSlate: Window '2Joint' being destroyed
[2019.11.17-01.57.39:814][962]LogWorld: UWorld::CleanupWorld for World_0, bSessionEnded=true, bCleanupResources=true
[2019.11.17-01.57.40:069][962]LogActorComponent: UnregisterComponent: (/Engine/Transient.EditorFloorComp) Not registered. Aborting.
[2019.11.17-01.57.40:070][962]LogWorld: UWorld::CleanupWorld for World_5, bSessionEnded=true, bCleanupResources=true
[2019.11.17-01.57.40:204][962]LogWorld: UWorld::CleanupWorld for World_7, bSessionEnded=true, bCleanupResources=true
[2019.11.17-01.59.30:932][538]LogEditorSessionSummary: EditorSessionSummary sent report. Type=Shutdown, SessionId={E137F3D7-4015-E59E-9B85-B7ACB04B5F9E}
[2019.11.17-02.02.07:300][  3]LogUObjectHash: Compacting FUObjectHashTables data took   6.74ms
[2019.11.17-02.02.07:300][  3]LogFileHelpers: Editor autosave (incl. sublevels) for '/Game/FirstPersonBP/Maps/Habitat_Builder' took 0.114
[2019.11.17-02.02.07:305][  3]OBJ SavePackage: Generating thumbnails for [1] asset(s) in package [/Game/FirstPersonBP/BuildSystem/Meshes/2Joint] ([1] browsable assets)...
[2019.11.17-02.02.07:350][  3]OBJ SavePackage:     Rendered thumbnail for [StaticMesh /Game/FirstPersonBP/BuildSystem/Meshes/2Joint.2Joint]
[2019.11.17-02.02.07:350][  3]OBJ SavePackage: Finished generating thumbnails for package [/Game/FirstPersonBP/BuildSystem/Meshes/2Joint]
[2019.11.17-02.02.07:453][  3]LogSavePackage: Moving '../../../../../../Users/SRFCPRO-EGWC/Documents/GitHub/multiuser/Erins Project/SpaceCErin/Saved/2Joint_Auto15AD694CC4A2E3E52C3085791395115A8.tmp' to '../../../../../../Users/SRFCPRO-EGWC/Documents/GitHub/multiuser/Erins Project/SpaceCErin/Saved/Autosaves/Game/FirstPersonBP/BuildSystem/Meshes/2Joint_Auto1.uasset'
[2019.11.17-02.02.07:459][  3]OBJ SavePackage: Generating thumbnails for [1] asset(s) in package [/Game/FirstPersonBP/Blueprints/FirstPersonCharacter] ([1] browsable assets)...
[2019.11.17-02.02.07:519][  3]OBJ SavePackage:     Rendered thumbnail for [Blueprint /Game/FirstPersonBP/Blueprints/FirstPersonCharacter.FirstPersonCharacter]
[2019.11.17-02.02.07:519][  3]OBJ SavePackage: Finished generating thumbnails for package [/Game/FirstPersonBP/Blueprints/FirstPersonCharacter]
[2019.11.17-02.02.07:714][  3]LogSavePackage: Moving '../../../../../../Users/SRFCPRO-EGWC/Documents/GitHub/multiuser/Erins Project/SpaceCErin/Saved/FirstPersonCharacter_Auto148C8D66748D607663B6C91AB2F774A5D.tmp' to '../../../../../../Users/SRFCPRO-EGWC/Documents/GitHub/multiuser/Erins Project/SpaceCErin/Saved/Autosaves/Game/FirstPersonBP/Blueprints/FirstPersonCharacter_Auto1.uasset'
[2019.11.17-02.02.07:716][  3]LogFileHelpers: Auto-saving content packages took 0.415
